{"C:\\Users\\Iladio\\OneDrive\\Documents\\All Activity\\Summer Class\\Testin_week1_2\\frontend\\src\\components\\Alerts.jsx": {"path":"C:\\Users\\Iladio\\OneDrive\\Documents\\All Activity\\Summer Class\\Testin_week1_2\\frontend\\src\\components\\Alerts.jsx","statementMap":{"0":{"start":{"line":4,"column":2},"end":{"line":12,"column":null}}},"fnMap":{"0":{"name":"Alerts","decl":{"start":{"line":3,"column":24},"end":{"line":3,"column":33}},"loc":{"start":{"line":3,"column":33},"end":{"line":14,"column":null}},"line":3}},"branchMap":{},"s":{"0":2},"f":{"0":2},"b":{},"meta":{"lastBranch":0,"lastFunction":1,"lastStatement":1,"seen":{"f:3:24:3:33":0,"s:4:2:12:Infinity":0},"fnNames":{}}}
,"C:\\Users\\Iladio\\OneDrive\\Documents\\All Activity\\Summer Class\\Testin_week1_2\\frontend\\src\\components\\Analytics.jsx": {"path":"C:\\Users\\Iladio\\OneDrive\\Documents\\All Activity\\Summer Class\\Testin_week1_2\\frontend\\src\\components\\Analytics.jsx","statementMap":{"0":{"start":{"line":6,"column":2},"end":{"line":35,"column":null}}},"fnMap":{"0":{"name":"Analytics","decl":{"start":{"line":5,"column":24},"end":{"line":5,"column":36}},"loc":{"start":{"line":5,"column":36},"end":{"line":37,"column":null}},"line":5}},"branchMap":{},"s":{"0":1},"f":{"0":1},"b":{},"meta":{"lastBranch":0,"lastFunction":1,"lastStatement":1,"seen":{"f:5:24:5:36":0,"s:6:2:35:Infinity":0},"fnNames":{}}}
,"C:\\Users\\Iladio\\OneDrive\\Documents\\All Activity\\Summer Class\\Testin_week1_2\\frontend\\src\\components\\MetricCard.jsx": {"path":"C:\\Users\\Iladio\\OneDrive\\Documents\\All Activity\\Summer Class\\Testin_week1_2\\frontend\\src\\components\\MetricCard.jsx","statementMap":{"0":{"start":{"line":4,"column":2},"end":{"line":9,"column":null}}},"fnMap":{"0":{"name":"MetricCard","decl":{"start":{"line":3,"column":24},"end":{"line":3,"column":35}},"loc":{"start":{"line":3,"column":85},"end":{"line":11,"column":null}},"line":3}},"branchMap":{"0":{"loc":{"start":{"line":3,"column":37},"end":{"line":3,"column":56}},"type":"default-arg","locations":[{"start":{"line":3,"column":45},"end":{"line":3,"column":56}}],"line":3},"1":{"loc":{"start":{"line":3,"column":56},"end":{"line":3,"column":69}},"type":"default-arg","locations":[{"start":{"line":3,"column":64},"end":{"line":3,"column":69}}],"line":3},"2":{"loc":{"start":{"line":3,"column":69},"end":{"line":3,"column":85}},"type":"default-arg","locations":[{"start":{"line":3,"column":77},"end":{"line":3,"column":85}}],"line":3},"3":{"loc":{"start":{"line":8,"column":7},"end":{"line":8,"column":null}},"type":"binary-expr","locations":[{"start":{"line":8,"column":7},"end":{"line":8,"column":24}},{"start":{"line":8,"column":24},"end":{"line":8,"column":40}},{"start":{"line":8,"column":40},"end":{"line":8,"column":null}}],"line":8}},"s":{"0":6},"f":{"0":6},"b":{"0":[6],"1":[6],"2":[6],"3":[6,5,3]},"meta":{"lastBranch":4,"lastFunction":1,"lastStatement":1,"seen":{"f:3:24:3:35":0,"b:3:45:3:56":0,"b:3:64:3:69":1,"b:3:77:3:85":2,"s:4:2:9:Infinity":0,"b:8:7:8:24:8:24:8:40:8:40:8:Infinity":3},"fnNames":{}}}
,"C:\\Users\\Iladio\\OneDrive\\Documents\\All Activity\\Summer Class\\Testin_week1_2\\frontend\\src\\components\\Sidebar.jsx": {"path":"C:\\Users\\Iladio\\OneDrive\\Documents\\All Activity\\Summer Class\\Testin_week1_2\\frontend\\src\\components\\Sidebar.jsx","statementMap":{"0":{"start":{"line":5,"column":2},"end":{"line":26,"column":null}}},"fnMap":{"0":{"name":"Sidebar","decl":{"start":{"line":4,"column":24},"end":{"line":4,"column":34}},"loc":{"start":{"line":4,"column":34},"end":{"line":28,"column":null}},"line":4}},"branchMap":{},"s":{"0":1},"f":{"0":1},"b":{},"meta":{"lastBranch":0,"lastFunction":1,"lastStatement":1,"seen":{"f:4:24:4:34":0,"s:5:2:26:Infinity":0},"fnNames":{}}}
,"C:\\Users\\Iladio\\OneDrive\\Documents\\All Activity\\Summer Class\\Testin_week1_2\\frontend\\src\\components\\SyncStatus.jsx": {"path":"C:\\Users\\Iladio\\OneDrive\\Documents\\All Activity\\Summer Class\\Testin_week1_2\\frontend\\src\\components\\SyncStatus.jsx","statementMap":{"0":{"start":{"line":6,"column":2},"end":{"line":6,"column":null}},"1":{"start":{"line":6,"column":12},"end":{"line":6,"column":null}},"2":{"start":{"line":7,"column":2},"end":{"line":11,"column":null}},"3":{"start":{"line":8,"column":4},"end":{"line":8,"column":null}},"4":{"start":{"line":10,"column":4},"end":{"line":10,"column":null}},"5":{"start":{"line":15,"column":17},"end":{"line":15,"column":null}},"6":{"start":{"line":16,"column":18},"end":{"line":16,"column":null}},"7":{"start":{"line":17,"column":16},"end":{"line":17,"column":null}},"8":{"start":{"line":19,"column":2},"end":{"line":37,"column":null}},"9":{"start":{"line":20,"column":18},"end":{"line":20,"column":null}},"10":{"start":{"line":21,"column":4},"end":{"line":33,"column":null}},"11":{"start":{"line":23,"column":8},"end":{"line":23,"column":null}},"12":{"start":{"line":23,"column":22},"end":{"line":23,"column":null}},"13":{"start":{"line":24,"column":8},"end":{"line":24,"column":null}},"14":{"start":{"line":25,"column":8},"end":{"line":25,"column":null}},"15":{"start":{"line":28,"column":8},"end":{"line":28,"column":null}},"16":{"start":{"line":28,"column":22},"end":{"line":28,"column":null}},"17":{"start":{"line":29,"column":8},"end":{"line":29,"column":null}},"18":{"start":{"line":32,"column":8},"end":{"line":32,"column":null}},"19":{"start":{"line":32,"column":21},"end":{"line":32,"column":null}},"20":{"start":{"line":34,"column":4},"end":{"line":36,"column":null}},"21":{"start":{"line":35,"column":6},"end":{"line":35,"column":null}},"22":{"start":{"line":39,"column":8},"end":{"line":45,"column":null}},"23":{"start":{"line":40,"column":4},"end":{"line":40,"column":null}},"24":{"start":{"line":40,"column":17},"end":{"line":40,"column":null}},"25":{"start":{"line":41,"column":4},"end":{"line":41,"column":null}},"26":{"start":{"line":41,"column":15},"end":{"line":41,"column":null}},"27":{"start":{"line":42,"column":4},"end":{"line":42,"column":null}},"28":{"start":{"line":42,"column":86},"end":{"line":42,"column":null}},"29":{"start":{"line":43,"column":4},"end":{"line":43,"column":null}},"30":{"start":{"line":43,"column":47},"end":{"line":43,"column":null}},"31":{"start":{"line":44,"column":4},"end":{"line":44,"column":null}},"32":{"start":{"line":47,"column":2},"end":{"line":65,"column":null}}},"fnMap":{"0":{"name":"formatDate","decl":{"start":{"line":5,"column":9},"end":{"line":5,"column":20}},"loc":{"start":{"line":5,"column":25},"end":{"line":12,"column":null}},"line":5},"1":{"name":"SyncStatus","decl":{"start":{"line":14,"column":24},"end":{"line":14,"column":37}},"loc":{"start":{"line":14,"column":37},"end":{"line":67,"column":null}},"line":14},"2":{"name":"(anonymous_2)","decl":{"start":{"line":19,"column":2},"end":{"line":19,"column":18}},"loc":{"start":{"line":19,"column":18},"end":{"line":37,"column":5}},"line":19},"3":{"name":"(anonymous_3)","decl":{"start":{"line":22,"column":7},"end":{"line":22,"column":13}},"loc":{"start":{"line":22,"column":22},"end":{"line":26,"column":7}},"line":22},"4":{"name":"(anonymous_4)","decl":{"start":{"line":27,"column":7},"end":{"line":27,"column":19}},"loc":{"start":{"line":27,"column":19},"end":{"line":30,"column":7}},"line":27},"5":{"name":"(anonymous_5)","decl":{"start":{"line":31,"column":7},"end":{"line":31,"column":21}},"loc":{"start":{"line":31,"column":21},"end":{"line":33,"column":7}},"line":31},"6":{"name":"(anonymous_6)","decl":{"start":{"line":34,"column":4},"end":{"line":34,"column":17}},"loc":{"start":{"line":34,"column":17},"end":{"line":36,"column":null}},"line":34},"7":{"name":"(anonymous_7)","decl":{"start":{"line":39,"column":8},"end":{"line":39,"column":31}},"loc":{"start":{"line":39,"column":31},"end":{"line":45,"column":null}},"line":39}},"branchMap":{"0":{"loc":{"start":{"line":6,"column":2},"end":{"line":6,"column":null}},"type":"if","locations":[{"start":{"line":6,"column":2},"end":{"line":6,"column":null}},{"start":{},"end":{}}],"line":6},"1":{"loc":{"start":{"line":23,"column":8},"end":{"line":23,"column":null}},"type":"if","locations":[{"start":{"line":23,"column":8},"end":{"line":23,"column":null}},{"start":{},"end":{}}],"line":23},"2":{"loc":{"start":{"line":28,"column":8},"end":{"line":28,"column":null}},"type":"if","locations":[{"start":{"line":28,"column":8},"end":{"line":28,"column":null}},{"start":{},"end":{}}],"line":28},"3":{"loc":{"start":{"line":32,"column":8},"end":{"line":32,"column":null}},"type":"if","locations":[{"start":{"line":32,"column":8},"end":{"line":32,"column":null}},{"start":{},"end":{}}],"line":32},"4":{"loc":{"start":{"line":40,"column":4},"end":{"line":40,"column":null}},"type":"if","locations":[{"start":{"line":40,"column":4},"end":{"line":40,"column":null}},{"start":{},"end":{}}],"line":40},"5":{"loc":{"start":{"line":41,"column":4},"end":{"line":41,"column":null}},"type":"if","locations":[{"start":{"line":41,"column":4},"end":{"line":41,"column":null}},{"start":{},"end":{}}],"line":41},"6":{"loc":{"start":{"line":42,"column":4},"end":{"line":42,"column":null}},"type":"if","locations":[{"start":{"line":42,"column":4},"end":{"line":42,"column":null}},{"start":{},"end":{}}],"line":42},"7":{"loc":{"start":{"line":42,"column":8},"end":{"line":42,"column":86}},"type":"binary-expr","locations":[{"start":{"line":42,"column":8},"end":{"line":42,"column":48}},{"start":{"line":42,"column":48},"end":{"line":42,"column":86}}],"line":42},"8":{"loc":{"start":{"line":43,"column":4},"end":{"line":43,"column":null}},"type":"if","locations":[{"start":{"line":43,"column":4},"end":{"line":43,"column":null}},{"start":{},"end":{}}],"line":43},"9":{"loc":{"start":{"line":51,"column":72},"end":{"line":51,"column":135}},"type":"cond-expr","locations":[{"start":{"line":51,"column":82},"end":{"line":51,"column":94}},{"start":{"line":51,"column":94},"end":{"line":51,"column":135}}],"line":51},"10":{"loc":{"start":{"line":51,"column":94},"end":{"line":51,"column":135}},"type":"cond-expr","locations":[{"start":{"line":51,"column":102},"end":{"line":51,"column":112}},{"start":{"line":51,"column":112},"end":{"line":51,"column":135}}],"line":51},"11":{"loc":{"start":{"line":57,"column":58},"end":{"line":57,"column":121}},"type":"cond-expr","locations":[{"start":{"line":57,"column":68},"end":{"line":57,"column":74}},{"start":{"line":57,"column":74},"end":{"line":57,"column":121}}],"line":57},"12":{"loc":{"start":{"line":57,"column":74},"end":{"line":57,"column":121}},"type":"cond-expr","locations":[{"start":{"line":57,"column":82},"end":{"line":57,"column":88}},{"start":{"line":57,"column":88},"end":{"line":57,"column":121}}],"line":57},"13":{"loc":{"start":{"line":61,"column":66},"end":{"line":61,"column":131}},"type":"cond-expr","locations":[{"start":{"line":61,"column":76},"end":{"line":61,"column":82}},{"start":{"line":61,"column":82},"end":{"line":61,"column":131}}],"line":61},"14":{"loc":{"start":{"line":61,"column":82},"end":{"line":61,"column":131}},"type":"cond-expr","locations":[{"start":{"line":61,"column":90},"end":{"line":61,"column":102}},{"start":{"line":61,"column":102},"end":{"line":61,"column":131}}],"line":61},"15":{"loc":{"start":{"line":63,"column":9},"end":{"line":63,"column":null}},"type":"binary-expr","locations":[{"start":{"line":63,"column":9},"end":{"line":63,"column":18}},{"start":{"line":63,"column":18},"end":{"line":63,"column":null}}],"line":63}},"s":{"0":1,"1":0,"2":1,"3":1,"4":0,"5":2,"6":2,"7":2,"8":2,"9":1,"10":1,"11":1,"12":0,"13":1,"14":1,"15":0,"16":0,"17":0,"18":1,"19":1,"20":1,"21":1,"22":2,"23":2,"24":1,"25":1,"26":0,"27":1,"28":1,"29":0,"30":0,"31":0,"32":2},"f":{"0":1,"1":2,"2":1,"3":1,"4":0,"5":1,"6":1,"7":2},"b":{"0":[0,1],"1":[0,1],"2":[0,0],"3":[1,0],"4":[1,1],"5":[0,1],"6":[1,0],"7":[1,1],"8":[0,0],"9":[1,1],"10":[0,1],"11":[1,1],"12":[0,1],"13":[1,1],"14":[0,1],"15":[2,0]},"meta":{"lastBranch":16,"lastFunction":8,"lastStatement":33,"seen":{"f:5:9:5:20":0,"b:6:2:6:Infinity:undefined:undefined:undefined:undefined":0,"s:6:2:6:Infinity":0,"s:6:12:6:Infinity":1,"s:7:2:11:Infinity":2,"s:8:4:8:Infinity":3,"s:10:4:10:Infinity":4,"f:14:24:14:37":1,"s:15:17:15:Infinity":5,"s:16:18:16:Infinity":6,"s:17:16:17:Infinity":7,"s:19:2:37:Infinity":8,"f:19:2:19:18":2,"s:20:18:20:Infinity":9,"s:21:4:33:Infinity":10,"f:22:7:22:13":3,"b:23:8:23:Infinity:undefined:undefined:undefined:undefined":1,"s:23:8:23:Infinity":11,"s:23:22:23:Infinity":12,"s:24:8:24:Infinity":13,"s:25:8:25:Infinity":14,"f:27:7:27:19":4,"b:28:8:28:Infinity:undefined:undefined:undefined:undefined":2,"s:28:8:28:Infinity":15,"s:28:22:28:Infinity":16,"s:29:8:29:Infinity":17,"f:31:7:31:21":5,"b:32:8:32:Infinity:undefined:undefined:undefined:undefined":3,"s:32:8:32:Infinity":18,"s:32:21:32:Infinity":19,"s:34:4:36:Infinity":20,"f:34:4:34:17":6,"s:35:6:35:Infinity":21,"s:39:8:45:Infinity":22,"f:39:8:39:31":7,"b:40:4:40:Infinity:undefined:undefined:undefined:undefined":4,"s:40:4:40:Infinity":23,"s:40:17:40:Infinity":24,"b:41:4:41:Infinity:undefined:undefined:undefined:undefined":5,"s:41:4:41:Infinity":25,"s:41:15:41:Infinity":26,"b:42:4:42:Infinity:undefined:undefined:undefined:undefined":6,"s:42:4:42:Infinity":27,"b:42:8:42:48:42:48:42:86":7,"s:42:86:42:Infinity":28,"b:43:4:43:Infinity:undefined:undefined:undefined:undefined":8,"s:43:4:43:Infinity":29,"s:43:47:43:Infinity":30,"s:44:4:44:Infinity":31,"s:47:2:65:Infinity":32,"b:51:82:51:94:51:94:51:135":9,"b:51:102:51:112:51:112:51:135":10,"b:57:68:57:74:57:74:57:121":11,"b:57:82:57:88:57:88:57:121":12,"b:61:76:61:82:61:82:61:131":13,"b:61:90:61:102:61:102:61:131":14,"b:63:9:63:18:63:18:63:Infinity":15},"fnNames":{}}}
,"C:\\Users\\Iladio\\OneDrive\\Documents\\All Activity\\Summer Class\\Testin_week1_2\\frontend\\src\\components\\week1\\ConnectionStatus.jsx": {"path":"C:\\Users\\Iladio\\OneDrive\\Documents\\All Activity\\Summer Class\\Testin_week1_2\\frontend\\src\\components\\week1\\ConnectionStatus.jsx","statementMap":{"0":{"start":{"line":2,"column":2},"end":{"line":19,"column":null}}},"fnMap":{"0":{"name":"ConnectionStatus","decl":{"start":{"line":1,"column":24},"end":{"line":1,"column":41}},"loc":{"start":{"line":1,"column":63},"end":{"line":21,"column":null}},"line":1}},"branchMap":{},"s":{"0":1},"f":{"0":1},"b":{},"meta":{"lastBranch":0,"lastFunction":1,"lastStatement":1,"seen":{"f:1:24:1:41":0,"s:2:2:19:Infinity":0},"fnNames":{}}}
,"C:\\Users\\Iladio\\OneDrive\\Documents\\All Activity\\Summer Class\\Testin_week1_2\\frontend\\src\\components\\week1\\LastSynchronizationTimestamp.jsx": {"path":"C:\\Users\\Iladio\\OneDrive\\Documents\\All Activity\\Summer Class\\Testin_week1_2\\frontend\\src\\components\\week1\\LastSynchronizationTimestamp.jsx","statementMap":{"0":{"start":{"line":2,"column":2},"end":{"line":19,"column":null}}},"fnMap":{"0":{"name":"LastSynchronizationTimestamp","decl":{"start":{"line":1,"column":24},"end":{"line":1,"column":53}},"loc":{"start":{"line":1,"column":69},"end":{"line":21,"column":null}},"line":1}},"branchMap":{},"s":{"0":1},"f":{"0":1},"b":{},"meta":{"lastBranch":0,"lastFunction":1,"lastStatement":1,"seen":{"f:1:24:1:53":0,"s:2:2:19:Infinity":0},"fnNames":{}}}
,"C:\\Users\\Iladio\\OneDrive\\Documents\\All Activity\\Summer Class\\Testin_week1_2\\frontend\\src\\components\\week1\\SynchronizationStatusIndicator.jsx": {"path":"C:\\Users\\Iladio\\OneDrive\\Documents\\All Activity\\Summer Class\\Testin_week1_2\\frontend\\src\\components\\week1\\SynchronizationStatusIndicator.jsx","statementMap":{"0":{"start":{"line":2,"column":2},"end":{"line":19,"column":null}}},"fnMap":{"0":{"name":"SynchronizationStatusIndicator","decl":{"start":{"line":1,"column":24},"end":{"line":1,"column":55}},"loc":{"start":{"line":1,"column":71},"end":{"line":21,"column":null}},"line":1}},"branchMap":{},"s":{"0":1},"f":{"0":1},"b":{},"meta":{"lastBranch":0,"lastFunction":1,"lastStatement":1,"seen":{"f:1:24:1:55":0,"s:2:2:19:Infinity":0},"fnNames":{}}}
,"C:\\Users\\Iladio\\OneDrive\\Documents\\All Activity\\Summer Class\\Testin_week1_2\\frontend\\src\\components\\week1\\Day1\\ConnectionStatus.jsx": {"path":"C:\\Users\\Iladio\\OneDrive\\Documents\\All Activity\\Summer Class\\Testin_week1_2\\frontend\\src\\components\\week1\\Day1\\ConnectionStatus.jsx","statementMap":{"0":{"start":{"line":2,"column":2},"end":{"line":19,"column":null}}},"fnMap":{"0":{"name":"ConnectionStatus","decl":{"start":{"line":1,"column":24},"end":{"line":1,"column":41}},"loc":{"start":{"line":1,"column":63},"end":{"line":21,"column":null}},"line":1}},"branchMap":{},"s":{"0":1},"f":{"0":1},"b":{},"meta":{"lastBranch":0,"lastFunction":1,"lastStatement":1,"seen":{"f:1:24:1:41":0,"s:2:2:19:Infinity":0},"fnNames":{}}}
,"C:\\Users\\Iladio\\OneDrive\\Documents\\All Activity\\Summer Class\\Testin_week1_2\\frontend\\src\\components\\week1\\Day1\\LastSynchronizationTimestamp.jsx": {"path":"C:\\Users\\Iladio\\OneDrive\\Documents\\All Activity\\Summer Class\\Testin_week1_2\\frontend\\src\\components\\week1\\Day1\\LastSynchronizationTimestamp.jsx","statementMap":{"0":{"start":{"line":2,"column":2},"end":{"line":19,"column":null}}},"fnMap":{"0":{"name":"LastSynchronizationTimestamp","decl":{"start":{"line":1,"column":24},"end":{"line":1,"column":53}},"loc":{"start":{"line":1,"column":69},"end":{"line":21,"column":null}},"line":1}},"branchMap":{},"s":{"0":1},"f":{"0":1},"b":{},"meta":{"lastBranch":0,"lastFunction":1,"lastStatement":1,"seen":{"f:1:24:1:53":0,"s:2:2:19:Infinity":0},"fnNames":{}}}
,"C:\\Users\\Iladio\\OneDrive\\Documents\\All Activity\\Summer Class\\Testin_week1_2\\frontend\\src\\components\\week1\\Day1\\SynchronizationStatusIndicator.jsx": {"path":"C:\\Users\\Iladio\\OneDrive\\Documents\\All Activity\\Summer Class\\Testin_week1_2\\frontend\\src\\components\\week1\\Day1\\SynchronizationStatusIndicator.jsx","statementMap":{"0":{"start":{"line":2,"column":2},"end":{"line":19,"column":null}}},"fnMap":{"0":{"name":"SynchronizationStatusIndicator","decl":{"start":{"line":1,"column":24},"end":{"line":1,"column":55}},"loc":{"start":{"line":1,"column":71},"end":{"line":21,"column":null}},"line":1}},"branchMap":{},"s":{"0":1},"f":{"0":1},"b":{},"meta":{"lastBranch":0,"lastFunction":1,"lastStatement":1,"seen":{"f:1:24:1:55":0,"s:2:2:19:Infinity":0},"fnNames":{}}}
,"C:\\Users\\Iladio\\OneDrive\\Documents\\All Activity\\Summer Class\\Testin_week1_2\\frontend\\src\\components\\week2\\InventoryUpdateStatus.jsx": {"path":"C:\\Users\\Iladio\\OneDrive\\Documents\\All Activity\\Summer Class\\Testin_week1_2\\frontend\\src\\components\\week2\\InventoryUpdateStatus.jsx","statementMap":{"0":{"start":{"line":2,"column":2},"end":{"line":23,"column":null}},"1":{"start":{"line":16,"column":12},"end":{"line":19,"column":null}}},"fnMap":{"0":{"name":"InventoryUpdateStatus","decl":{"start":{"line":1,"column":24},"end":{"line":1,"column":46}},"loc":{"start":{"line":1,"column":60},"end":{"line":25,"column":null}},"line":1},"1":{"name":"(anonymous_1)","decl":{"start":{"line":15,"column":20},"end":{"line":15,"column":25}},"loc":{"start":{"line":16,"column":12},"end":{"line":19,"column":null}},"line":16}},"branchMap":{},"s":{"0":3,"1":9},"f":{"0":3,"1":9},"b":{},"meta":{"lastBranch":0,"lastFunction":2,"lastStatement":2,"seen":{"f:1:24:1:46":0,"s:2:2:23:Infinity":0,"f:15:20:15:25":1,"s:16:12:19:Infinity":1},"fnNames":{}}}
,"C:\\Users\\Iladio\\OneDrive\\Documents\\All Activity\\Summer Class\\Testin_week1_2\\frontend\\src\\components\\week2\\RecommendationValidationReport.jsx": {"path":"C:\\Users\\Iladio\\OneDrive\\Documents\\All Activity\\Summer Class\\Testin_week1_2\\frontend\\src\\components\\week2\\RecommendationValidationReport.jsx","statementMap":{"0":{"start":{"line":5,"column":19},"end":{"line":5,"column":null}},"1":{"start":{"line":6,"column":18},"end":{"line":6,"column":null}},"2":{"start":{"line":8,"column":2},"end":{"line":17,"column":null}},"3":{"start":{"line":9,"column":18},"end":{"line":9,"column":null}},"4":{"start":{"line":10,"column":4},"end":{"line":15,"column":null}},"5":{"start":{"line":11,"column":6},"end":{"line":14,"column":null}},"6":{"start":{"line":12,"column":8},"end":{"line":12,"column":null}},"7":{"start":{"line":13,"column":8},"end":{"line":13,"column":null}},"8":{"start":{"line":16,"column":4},"end":{"line":16,"column":null}},"9":{"start":{"line":16,"column":18},"end":{"line":16,"column":null}},"10":{"start":{"line":19,"column":2},"end":{"line":19,"column":null}},"11":{"start":{"line":19,"column":15},"end":{"line":19,"column":null}},"12":{"start":{"line":21,"column":17},"end":{"line":24,"column":null}},"13":{"start":{"line":21,"column":39},"end":{"line":24,"column":4}},"14":{"start":{"line":26,"column":18},"end":{"line":26,"column":null}},"15":{"start":{"line":26,"column":38},"end":{"line":26,"column":57}},"16":{"start":{"line":28,"column":2},"end":{"line":40,"column":null}},"17":{"start":{"line":34,"column":10},"end":{"line":36,"column":null}},"18":{"start":{"line":39,"column":100},"end":{"line":39,"column":119}}},"fnMap":{"0":{"name":"RecommendationValidationReport","decl":{"start":{"line":4,"column":24},"end":{"line":4,"column":57}},"loc":{"start":{"line":4,"column":57},"end":{"line":42,"column":null}},"line":4},"1":{"name":"(anonymous_1)","decl":{"start":{"line":8,"column":2},"end":{"line":8,"column":18}},"loc":{"start":{"line":8,"column":18},"end":{"line":17,"column":5}},"line":8},"2":{"name":"(anonymous_2)","decl":{"start":{"line":10,"column":20},"end":{"line":10,"column":26}},"loc":{"start":{"line":10,"column":35},"end":{"line":15,"column":5}},"line":10},"3":{"name":"(anonymous_3)","decl":{"start":{"line":16,"column":4},"end":{"line":16,"column":18}},"loc":{"start":{"line":16,"column":18},"end":{"line":16,"column":null}},"line":16},"4":{"name":"(anonymous_4)","decl":{"start":{"line":21,"column":26},"end":{"line":21,"column":31}},"loc":{"start":{"line":21,"column":39},"end":{"line":24,"column":4}},"line":21},"5":{"name":"(anonymous_5)","decl":{"start":{"line":26,"column":25},"end":{"line":26,"column":32}},"loc":{"start":{"line":26,"column":38},"end":{"line":26,"column":57}},"line":26},"6":{"name":"(anonymous_6)","decl":{"start":{"line":33,"column":16},"end":{"line":33,"column":21}},"loc":{"start":{"line":34,"column":10},"end":{"line":36,"column":null}},"line":34},"7":{"name":"(anonymous_7)","decl":{"start":{"line":39,"column":88},"end":{"line":39,"column":95}},"loc":{"start":{"line":39,"column":100},"end":{"line":39,"column":119}},"line":39}},"branchMap":{"0":{"loc":{"start":{"line":11,"column":6},"end":{"line":14,"column":null}},"type":"if","locations":[{"start":{"line":11,"column":6},"end":{"line":14,"column":null}},{"start":{},"end":{}}],"line":11},"1":{"loc":{"start":{"line":19,"column":2},"end":{"line":19,"column":null}},"type":"if","locations":[{"start":{"line":19,"column":2},"end":{"line":19,"column":null}},{"start":{},"end":{}}],"line":19},"2":{"loc":{"start":{"line":23,"column":23},"end":{"line":23,"column":null}},"type":"binary-expr","locations":[{"start":{"line":23,"column":23},"end":{"line":23,"column":64}},{"start":{"line":23,"column":64},"end":{"line":23,"column":null}}],"line":23},"3":{"loc":{"start":{"line":31,"column":49},"end":{"line":31,"column":80}},"type":"cond-expr","locations":[{"start":{"line":31,"column":59},"end":{"line":31,"column":68}},{"start":{"line":31,"column":68},"end":{"line":31,"column":80}}],"line":31},"4":{"loc":{"start":{"line":35,"column":21},"end":{"line":35,"column":null}},"type":"cond-expr","locations":[{"start":{"line":35,"column":43},"end":{"line":35,"column":66}},{"start":{"line":35,"column":66},"end":{"line":35,"column":null}}],"line":35}},"s":{"0":13,"1":13,"2":13,"3":7,"4":7,"5":6,"6":6,"7":6,"8":7,"9":7,"10":13,"11":7,"12":6,"13":11,"14":6,"15":11,"16":6,"17":11,"18":11},"f":{"0":13,"1":7,"2":6,"3":7,"4":11,"5":11,"6":11,"7":11},"b":{"0":[6,0],"1":[7,6],"2":[11,11],"3":[4,2],"4":[9,2]},"meta":{"lastBranch":5,"lastFunction":8,"lastStatement":19,"seen":{"f:4:24:4:57":0,"s:5:19:5:Infinity":0,"s:6:18:6:Infinity":1,"s:8:2:17:Infinity":2,"f:8:2:8:18":1,"s:9:18:9:Infinity":3,"s:10:4:15:Infinity":4,"f:10:20:10:26":2,"b:11:6:14:Infinity:undefined:undefined:undefined:undefined":0,"s:11:6:14:Infinity":5,"s:12:8:12:Infinity":6,"s:13:8:13:Infinity":7,"s:16:4:16:Infinity":8,"f:16:4:16:18":3,"s:16:18:16:Infinity":9,"b:19:2:19:Infinity:undefined:undefined:undefined:undefined":1,"s:19:2:19:Infinity":10,"s:19:15:19:Infinity":11,"s:21:17:24:Infinity":12,"f:21:26:21:31":4,"s:21:39:24:4":13,"b:23:23:23:64:23:64:23:Infinity":2,"s:26:18:26:Infinity":14,"f:26:25:26:32":5,"s:26:38:26:57":15,"s:28:2:40:Infinity":16,"b:31:59:31:68:31:68:31:80":3,"f:33:16:33:21":6,"s:34:10:36:Infinity":17,"b:35:43:35:66:35:66:35:Infinity":4,"f:39:88:39:95":7,"s:39:100:39:119":18},"fnNames":{}}}
,"C:\\Users\\Iladio\\OneDrive\\Documents\\All Activity\\Summer Class\\Testin_week1_2\\frontend\\src\\components\\week2\\SalesTrendValidationReport.jsx": {"path":"C:\\Users\\Iladio\\OneDrive\\Documents\\All Activity\\Summer Class\\Testin_week1_2\\frontend\\src\\components\\week2\\SalesTrendValidationReport.jsx","statementMap":{"0":{"start":{"line":5,"column":2},"end":{"line":5,"column":null}},"1":{"start":{"line":5,"column":43},"end":{"line":5,"column":null}},"2":{"start":{"line":6,"column":21},"end":{"line":6,"column":null}},"3":{"start":{"line":7,"column":23},"end":{"line":7,"column":null}},"4":{"start":{"line":8,"column":2},"end":{"line":8,"column":null}},"5":{"start":{"line":12,"column":19},"end":{"line":12,"column":null}},"6":{"start":{"line":13,"column":18},"end":{"line":13,"column":null}},"7":{"start":{"line":15,"column":2},"end":{"line":24,"column":null}},"8":{"start":{"line":16,"column":18},"end":{"line":16,"column":null}},"9":{"start":{"line":17,"column":4},"end":{"line":22,"column":null}},"10":{"start":{"line":18,"column":6},"end":{"line":21,"column":null}},"11":{"start":{"line":19,"column":8},"end":{"line":19,"column":null}},"12":{"start":{"line":20,"column":8},"end":{"line":20,"column":null}},"13":{"start":{"line":23,"column":4},"end":{"line":23,"column":null}},"14":{"start":{"line":23,"column":18},"end":{"line":23,"column":null}},"15":{"start":{"line":26,"column":2},"end":{"line":26,"column":null}},"16":{"start":{"line":26,"column":15},"end":{"line":26,"column":null}},"17":{"start":{"line":28,"column":17},"end":{"line":32,"column":null}},"18":{"start":{"line":28,"column":39},"end":{"line":32,"column":4}},"19":{"start":{"line":34,"column":18},"end":{"line":34,"column":null}},"20":{"start":{"line":34,"column":38},"end":{"line":34,"column":49}},"21":{"start":{"line":36,"column":2},"end":{"line":48,"column":null}},"22":{"start":{"line":42,"column":10},"end":{"line":44,"column":null}},"23":{"start":{"line":47,"column":82},"end":{"line":47,"column":93}}},"fnMap":{"0":{"name":"isPlausibleTrend","decl":{"start":{"line":4,"column":9},"end":{"line":4,"column":26}},"loc":{"start":{"line":4,"column":33},"end":{"line":9,"column":null}},"line":4},"1":{"name":"SalesTrendValidationReport","decl":{"start":{"line":11,"column":24},"end":{"line":11,"column":53}},"loc":{"start":{"line":11,"column":53},"end":{"line":50,"column":null}},"line":11},"2":{"name":"(anonymous_2)","decl":{"start":{"line":15,"column":2},"end":{"line":15,"column":18}},"loc":{"start":{"line":15,"column":18},"end":{"line":24,"column":5}},"line":15},"3":{"name":"(anonymous_3)","decl":{"start":{"line":17,"column":20},"end":{"line":17,"column":26}},"loc":{"start":{"line":17,"column":35},"end":{"line":22,"column":5}},"line":17},"4":{"name":"(anonymous_4)","decl":{"start":{"line":23,"column":4},"end":{"line":23,"column":18}},"loc":{"start":{"line":23,"column":18},"end":{"line":23,"column":null}},"line":23},"5":{"name":"(anonymous_5)","decl":{"start":{"line":28,"column":26},"end":{"line":28,"column":31}},"loc":{"start":{"line":28,"column":39},"end":{"line":32,"column":4}},"line":28},"6":{"name":"(anonymous_6)","decl":{"start":{"line":34,"column":25},"end":{"line":34,"column":32}},"loc":{"start":{"line":34,"column":38},"end":{"line":34,"column":49}},"line":34},"7":{"name":"(anonymous_7)","decl":{"start":{"line":41,"column":16},"end":{"line":41,"column":21}},"loc":{"start":{"line":42,"column":10},"end":{"line":44,"column":null}},"line":42},"8":{"name":"(anonymous_8)","decl":{"start":{"line":47,"column":70},"end":{"line":47,"column":77}},"loc":{"start":{"line":47,"column":82},"end":{"line":47,"column":93}},"line":47}},"branchMap":{"0":{"loc":{"start":{"line":5,"column":2},"end":{"line":5,"column":null}},"type":"if","locations":[{"start":{"line":5,"column":2},"end":{"line":5,"column":null}},{"start":{},"end":{}}],"line":5},"1":{"loc":{"start":{"line":5,"column":6},"end":{"line":5,"column":43}},"type":"binary-expr","locations":[{"start":{"line":5,"column":6},"end":{"line":5,"column":16}},{"start":{"line":5,"column":16},"end":{"line":5,"column":43}}],"line":5},"2":{"loc":{"start":{"line":8,"column":9},"end":{"line":8,"column":null}},"type":"binary-expr","locations":[{"start":{"line":8,"column":9},"end":{"line":8,"column":23}},{"start":{"line":8,"column":23},"end":{"line":8,"column":null}}],"line":8},"3":{"loc":{"start":{"line":18,"column":6},"end":{"line":21,"column":null}},"type":"if","locations":[{"start":{"line":18,"column":6},"end":{"line":21,"column":null}},{"start":{},"end":{}}],"line":18},"4":{"loc":{"start":{"line":26,"column":2},"end":{"line":26,"column":null}},"type":"if","locations":[{"start":{"line":26,"column":2},"end":{"line":26,"column":null}},{"start":{},"end":{}}],"line":26},"5":{"loc":{"start":{"line":39,"column":40},"end":{"line":39,"column":71}},"type":"cond-expr","locations":[{"start":{"line":39,"column":50},"end":{"line":39,"column":59}},{"start":{"line":39,"column":59},"end":{"line":39,"column":71}}],"line":39},"6":{"loc":{"start":{"line":43,"column":21},"end":{"line":43,"column":44}},"type":"binary-expr","locations":[{"start":{"line":43,"column":21},"end":{"line":43,"column":32}},{"start":{"line":43,"column":32},"end":{"line":43,"column":44}}],"line":43},"7":{"loc":{"start":{"line":43,"column":48},"end":{"line":43,"column":null}},"type":"cond-expr","locations":[{"start":{"line":43,"column":62},"end":{"line":43,"column":76}},{"start":{"line":43,"column":76},"end":{"line":43,"column":null}}],"line":43}},"s":{"0":11,"1":2,"2":9,"3":9,"4":9,"5":15,"6":15,"7":15,"8":8,"9":8,"10":7,"11":7,"12":7,"13":8,"14":8,"15":15,"16":8,"17":7,"18":11,"19":7,"20":11,"21":7,"22":11,"23":11},"f":{"0":11,"1":15,"2":8,"3":7,"4":8,"5":11,"6":11,"7":11,"8":11},"b":{"0":[2,9],"1":[11,9],"2":[9,2],"3":[7,0],"4":[8,7],"5":[4,3],"6":[11,2],"7":[8,3]},"meta":{"lastBranch":8,"lastFunction":9,"lastStatement":24,"seen":{"f:4:9:4:26":0,"b:5:2:5:Infinity:undefined:undefined:undefined:undefined":0,"s:5:2:5:Infinity":0,"b:5:6:5:16:5:16:5:43":1,"s:5:43:5:Infinity":1,"s:6:21:6:Infinity":2,"s:7:23:7:Infinity":3,"s:8:2:8:Infinity":4,"b:8:9:8:23:8:23:8:Infinity":2,"f:11:24:11:53":1,"s:12:19:12:Infinity":5,"s:13:18:13:Infinity":6,"s:15:2:24:Infinity":7,"f:15:2:15:18":2,"s:16:18:16:Infinity":8,"s:17:4:22:Infinity":9,"f:17:20:17:26":3,"b:18:6:21:Infinity:undefined:undefined:undefined:undefined":3,"s:18:6:21:Infinity":10,"s:19:8:19:Infinity":11,"s:20:8:20:Infinity":12,"s:23:4:23:Infinity":13,"f:23:4:23:18":4,"s:23:18:23:Infinity":14,"b:26:2:26:Infinity:undefined:undefined:undefined:undefined":4,"s:26:2:26:Infinity":15,"s:26:15:26:Infinity":16,"s:28:17:32:Infinity":17,"f:28:26:28:31":5,"s:28:39:32:4":18,"s:34:18:34:Infinity":19,"f:34:25:34:32":6,"s:34:38:34:49":20,"s:36:2:48:Infinity":21,"b:39:50:39:59:39:59:39:71":5,"f:41:16:41:21":7,"s:42:10:44:Infinity":22,"b:43:21:43:32:43:32:43:44":6,"b:43:62:43:76:43:76:43:Infinity":7,"f:47:70:47:77":8,"s:47:82:47:93":23},"fnNames":{}}}
,"C:\\Users\\Iladio\\OneDrive\\Documents\\All Activity\\Summer Class\\Testin_week1_2\\frontend\\src\\components\\week2\\StockLevelChanges.jsx": {"path":"C:\\Users\\Iladio\\OneDrive\\Documents\\All Activity\\Summer Class\\Testin_week1_2\\frontend\\src\\components\\week2\\StockLevelChanges.jsx","statementMap":{"0":{"start":{"line":2,"column":2},"end":{"line":27,"column":null}},"1":{"start":{"line":18,"column":12},"end":{"line":23,"column":null}}},"fnMap":{"0":{"name":"StockLevelChanges","decl":{"start":{"line":1,"column":24},"end":{"line":1,"column":42}},"loc":{"start":{"line":1,"column":58},"end":{"line":29,"column":null}},"line":1},"1":{"name":"(anonymous_1)","decl":{"start":{"line":17,"column":22},"end":{"line":17,"column":27}},"loc":{"start":{"line":18,"column":12},"end":{"line":23,"column":null}},"line":18}},"branchMap":{},"s":{"0":3,"1":9},"f":{"0":3,"1":9},"b":{},"meta":{"lastBranch":0,"lastFunction":2,"lastStatement":2,"seen":{"f:1:24:1:42":0,"s:2:2:27:Infinity":0,"f:17:22:17:27":1,"s:18:12:23:Infinity":1},"fnNames":{}}}
,"C:\\Users\\Iladio\\OneDrive\\Documents\\All Activity\\Summer Class\\Testin_week1_2\\frontend\\src\\components\\week2\\SynchronizationIndicators.jsx": {"path":"C:\\Users\\Iladio\\OneDrive\\Documents\\All Activity\\Summer Class\\Testin_week1_2\\frontend\\src\\components\\week2\\SynchronizationIndicators.jsx","statementMap":{"0":{"start":{"line":2,"column":2},"end":{"line":29,"column":null}}},"fnMap":{"0":{"name":"SynchronizationIndicators","decl":{"start":{"line":1,"column":24},"end":{"line":1,"column":50}},"loc":{"start":{"line":1,"column":64},"end":{"line":31,"column":null}},"line":1}},"branchMap":{},"s":{"0":3},"f":{"0":3},"b":{},"meta":{"lastBranch":0,"lastFunction":1,"lastStatement":1,"seen":{"f:1:24:1:50":0,"s:2:2:29:Infinity":0},"fnNames":{}}}
,"C:\\Users\\Iladio\\OneDrive\\Documents\\All Activity\\Summer Class\\Testin_week1_2\\frontend\\src\\components\\week2\\Day1\\BranchComparison.jsx": {"path":"C:\\Users\\Iladio\\OneDrive\\Documents\\All Activity\\Summer Class\\Testin_week1_2\\frontend\\src\\components\\week2\\Day1\\BranchComparison.jsx","statementMap":{"0":{"start":{"line":4,"column":2},"end":{"line":6,"column":null}},"1":{"start":{"line":5,"column":4},"end":{"line":5,"column":null}},"2":{"start":{"line":8,"column":2},"end":{"line":41,"column":null}},"3":{"start":{"line":24,"column":12},"end":{"line":37,"column":null}}},"fnMap":{"0":{"name":"BranchComparison","decl":{"start":{"line":3,"column":24},"end":{"line":3,"column":41}},"loc":{"start":{"line":3,"column":61},"end":{"line":43,"column":null}},"line":3},"1":{"name":"(anonymous_1)","decl":{"start":{"line":23,"column":26},"end":{"line":23,"column":31}},"loc":{"start":{"line":24,"column":12},"end":{"line":37,"column":null}},"line":24}},"branchMap":{"0":{"loc":{"start":{"line":4,"column":2},"end":{"line":6,"column":null}},"type":"if","locations":[{"start":{"line":4,"column":2},"end":{"line":6,"column":null}},{"start":{},"end":{}}],"line":4},"1":{"loc":{"start":{"line":4,"column":6},"end":{"line":4,"column":54}},"type":"binary-expr","locations":[{"start":{"line":4,"column":6},"end":{"line":4,"column":25}},{"start":{"line":4,"column":25},"end":{"line":4,"column":54}}],"line":4},"2":{"loc":{"start":{"line":31,"column":53},"end":{"line":31,"column":null}},"type":"cond-expr","locations":[{"start":{"line":31,"column":81},"end":{"line":31,"column":94}},{"start":{"line":31,"column":94},"end":{"line":31,"column":null}}],"line":31},"3":{"loc":{"start":{"line":31,"column":94},"end":{"line":31,"column":null}},"type":"cond-expr","locations":[{"start":{"line":31,"column":121},"end":{"line":31,"column":134}},{"start":{"line":31,"column":134},"end":{"line":31,"column":null}}],"line":31}},"s":{"0":25,"1":2,"2":23,"3":111},"f":{"0":25,"1":111},"b":{"0":[2,23],"1":[25,24],"2":[23,88],"3":[60,28]},"meta":{"lastBranch":4,"lastFunction":2,"lastStatement":4,"seen":{"f:3:24:3:41":0,"b:4:2:6:Infinity:undefined:undefined:undefined:undefined":0,"s:4:2:6:Infinity":0,"b:4:6:4:25:4:25:4:54":1,"s:5:4:5:Infinity":1,"s:8:2:41:Infinity":2,"f:23:26:23:31":1,"s:24:12:37:Infinity":3,"b:31:81:31:94:31:94:31:Infinity":2,"b:31:121:31:134:31:134:31:Infinity":3},"fnNames":{}}}
,"C:\\Users\\Iladio\\OneDrive\\Documents\\All Activity\\Summer Class\\Testin_week1_2\\frontend\\src\\components\\week2\\Day1\\BranchPerformanceCard.jsx": {"path":"C:\\Users\\Iladio\\OneDrive\\Documents\\All Activity\\Summer Class\\Testin_week1_2\\frontend\\src\\components\\week2\\Day1\\BranchPerformanceCard.jsx","statementMap":{"0":{"start":{"line":4,"column":2},"end":{"line":6,"column":null}},"1":{"start":{"line":5,"column":4},"end":{"line":5,"column":null}},"2":{"start":{"line":8,"column":2},"end":{"line":37,"column":null}}},"fnMap":{"0":{"name":"BranchPerformanceCard","decl":{"start":{"line":3,"column":24},"end":{"line":3,"column":46}},"loc":{"start":{"line":3,"column":58},"end":{"line":39,"column":null}},"line":3}},"branchMap":{"0":{"loc":{"start":{"line":4,"column":2},"end":{"line":6,"column":null}},"type":"if","locations":[{"start":{"line":4,"column":2},"end":{"line":6,"column":null}},{"start":{},"end":{}}],"line":4},"1":{"loc":{"start":{"line":25,"column":43},"end":{"line":25,"column":84}},"type":"cond-expr","locations":[{"start":{"line":25,"column":63},"end":{"line":25,"column":72}},{"start":{"line":25,"column":72},"end":{"line":25,"column":84}}],"line":25}},"s":{"0":92,"1":1,"2":91},"f":{"0":92},"b":{"0":[1,91],"1":[49,42]},"meta":{"lastBranch":2,"lastFunction":1,"lastStatement":3,"seen":{"f:3:24:3:46":0,"b:4:2:6:Infinity:undefined:undefined:undefined:undefined":0,"s:4:2:6:Infinity":0,"s:5:4:5:Infinity":1,"s:8:2:37:Infinity":2,"b:25:63:25:72:25:72:25:84":1},"fnNames":{}}}
,"C:\\Users\\Iladio\\OneDrive\\Documents\\All Activity\\Summer Class\\Testin_week1_2\\frontend\\src\\components\\week2\\Day1\\BranchPerformanceDashboard.jsx": {"path":"C:\\Users\\Iladio\\OneDrive\\Documents\\All Activity\\Summer Class\\Testin_week1_2\\frontend\\src\\components\\week2\\Day1\\BranchPerformanceDashboard.jsx","statementMap":{"0":{"start":{"line":8,"column":8},"end":{"line":8,"column":null}},"1":{"start":{"line":9,"column":8},"end":{"line":9,"column":null}},"2":{"start":{"line":10,"column":8},"end":{"line":10,"column":null}},"3":{"start":{"line":12,"column":2},"end":{"line":54,"column":null}},"4":{"start":{"line":42,"column":12},"end":{"line":42,"column":null}}},"fnMap":{"0":{"name":"BranchPerformanceDashboard","decl":{"start":{"line":7,"column":24},"end":{"line":7,"column":53}},"loc":{"start":{"line":7,"column":53},"end":{"line":56,"column":null}},"line":7},"1":{"name":"(anonymous_1)","decl":{"start":{"line":41,"column":33},"end":{"line":41,"column":37}},"loc":{"start":{"line":42,"column":12},"end":{"line":42,"column":null}},"line":42}},"branchMap":{},"s":{"0":14,"1":14,"2":14,"3":14,"4":84},"f":{"0":14,"1":84},"b":{},"meta":{"lastBranch":0,"lastFunction":2,"lastStatement":5,"seen":{"f:7:24:7:53":0,"s:8:8:8:Infinity":0,"s:9:8:9:Infinity":1,"s:10:8:10:Infinity":2,"s:12:2:54:Infinity":3,"f:41:33:41:37":1,"s:42:12:42:Infinity":4},"fnNames":{}}}
,"C:\\Users\\Iladio\\OneDrive\\Documents\\All Activity\\Summer Class\\Testin_week1_2\\frontend\\src\\components\\week2\\Day1\\InventoryUpdateStatus.jsx": {"path":"C:\\Users\\Iladio\\OneDrive\\Documents\\All Activity\\Summer Class\\Testin_week1_2\\frontend\\src\\components\\week2\\Day1\\InventoryUpdateStatus.jsx","statementMap":{"0":{"start":{"line":2,"column":2},"end":{"line":23,"column":null}},"1":{"start":{"line":16,"column":12},"end":{"line":19,"column":null}}},"fnMap":{"0":{"name":"InventoryUpdateStatus","decl":{"start":{"line":1,"column":24},"end":{"line":1,"column":46}},"loc":{"start":{"line":1,"column":60},"end":{"line":25,"column":null}},"line":1},"1":{"name":"(anonymous_1)","decl":{"start":{"line":15,"column":20},"end":{"line":15,"column":25}},"loc":{"start":{"line":16,"column":12},"end":{"line":19,"column":null}},"line":16}},"branchMap":{},"s":{"0":3,"1":9},"f":{"0":3,"1":9},"b":{},"meta":{"lastBranch":0,"lastFunction":2,"lastStatement":2,"seen":{"f:1:24:1:46":0,"s:2:2:23:Infinity":0,"f:15:20:15:25":1,"s:16:12:19:Infinity":1},"fnNames":{}}}
,"C:\\Users\\Iladio\\OneDrive\\Documents\\All Activity\\Summer Class\\Testin_week1_2\\frontend\\src\\components\\week2\\Day1\\StockLevelChanges.jsx": {"path":"C:\\Users\\Iladio\\OneDrive\\Documents\\All Activity\\Summer Class\\Testin_week1_2\\frontend\\src\\components\\week2\\Day1\\StockLevelChanges.jsx","statementMap":{"0":{"start":{"line":2,"column":2},"end":{"line":27,"column":null}},"1":{"start":{"line":18,"column":12},"end":{"line":23,"column":null}}},"fnMap":{"0":{"name":"StockLevelChanges","decl":{"start":{"line":1,"column":24},"end":{"line":1,"column":42}},"loc":{"start":{"line":1,"column":58},"end":{"line":29,"column":null}},"line":1},"1":{"name":"(anonymous_1)","decl":{"start":{"line":17,"column":22},"end":{"line":17,"column":27}},"loc":{"start":{"line":18,"column":12},"end":{"line":23,"column":null}},"line":18}},"branchMap":{},"s":{"0":3,"1":9},"f":{"0":3,"1":9},"b":{},"meta":{"lastBranch":0,"lastFunction":2,"lastStatement":2,"seen":{"f:1:24:1:42":0,"s:2:2:27:Infinity":0,"f:17:22:17:27":1,"s:18:12:23:Infinity":1},"fnNames":{}}}
,"C:\\Users\\Iladio\\OneDrive\\Documents\\All Activity\\Summer Class\\Testin_week1_2\\frontend\\src\\components\\week2\\Day1\\SynchronizationIndicators.jsx": {"path":"C:\\Users\\Iladio\\OneDrive\\Documents\\All Activity\\Summer Class\\Testin_week1_2\\frontend\\src\\components\\week2\\Day1\\SynchronizationIndicators.jsx","statementMap":{"0":{"start":{"line":2,"column":2},"end":{"line":29,"column":null}}},"fnMap":{"0":{"name":"SynchronizationIndicators","decl":{"start":{"line":1,"column":24},"end":{"line":1,"column":50}},"loc":{"start":{"line":1,"column":64},"end":{"line":31,"column":null}},"line":1}},"branchMap":{},"s":{"0":3},"f":{"0":3},"b":{},"meta":{"lastBranch":0,"lastFunction":1,"lastStatement":1,"seen":{"f:1:24:1:50":0,"s:2:2:29:Infinity":0},"fnNames":{}}}
,"C:\\Users\\Iladio\\OneDrive\\Documents\\All Activity\\Summer Class\\Testin_week1_2\\frontend\\src\\components\\week2\\Day1\\TargetProgressIndicator.jsx": {"path":"C:\\Users\\Iladio\\OneDrive\\Documents\\All Activity\\Summer Class\\Testin_week1_2\\frontend\\src\\components\\week2\\Day1\\TargetProgressIndicator.jsx","statementMap":{"0":{"start":{"line":4,"column":2},"end":{"line":6,"column":null}},"1":{"start":{"line":5,"column":4},"end":{"line":5,"column":null}},"2":{"start":{"line":8,"column":8},"end":{"line":19,"column":null}},"3":{"start":{"line":9,"column":4},"end":{"line":18,"column":null}},"4":{"start":{"line":11,"column":8},"end":{"line":11,"column":null}},"5":{"start":{"line":13,"column":8},"end":{"line":13,"column":null}},"6":{"start":{"line":15,"column":8},"end":{"line":15,"column":null}},"7":{"start":{"line":17,"column":8},"end":{"line":17,"column":null}},"8":{"start":{"line":21,"column":2},"end":{"line":54,"column":null}},"9":{"start":{"line":29,"column":10},"end":{"line":51,"column":null}}},"fnMap":{"0":{"name":"TargetProgressIndicator","decl":{"start":{"line":3,"column":24},"end":{"line":3,"column":48}},"loc":{"start":{"line":3,"column":66},"end":{"line":56,"column":null}},"line":3},"1":{"name":"(anonymous_1)","decl":{"start":{"line":8,"column":8},"end":{"line":8,"column":25}},"loc":{"start":{"line":8,"column":36},"end":{"line":19,"column":null}},"line":8},"2":{"name":"(anonymous_2)","decl":{"start":{"line":28,"column":22},"end":{"line":28,"column":27}},"loc":{"start":{"line":29,"column":10},"end":{"line":51,"column":null}},"line":29}},"branchMap":{"0":{"loc":{"start":{"line":4,"column":2},"end":{"line":6,"column":null}},"type":"if","locations":[{"start":{"line":4,"column":2},"end":{"line":6,"column":null}},{"start":{},"end":{}}],"line":4},"1":{"loc":{"start":{"line":4,"column":6},"end":{"line":4,"column":50}},"type":"binary-expr","locations":[{"start":{"line":4,"column":6},"end":{"line":4,"column":23}},{"start":{"line":4,"column":23},"end":{"line":4,"column":50}}],"line":4},"2":{"loc":{"start":{"line":9,"column":4},"end":{"line":18,"column":null}},"type":"switch","locations":[{"start":{"line":10,"column":6},"end":{"line":11,"column":null}},{"start":{"line":12,"column":6},"end":{"line":13,"column":null}},{"start":{"line":14,"column":6},"end":{"line":15,"column":null}},{"start":{"line":16,"column":6},"end":{"line":17,"column":null}}],"line":9},"3":{"loc":{"start":{"line":35,"column":40},"end":{"line":35,"column":null}},"type":"cond-expr","locations":[{"start":{"line":35,"column":55},"end":{"line":35,"column":67}},{"start":{"line":35,"column":67},"end":{"line":35,"column":null}}],"line":35},"4":{"loc":{"start":{"line":36,"column":19},"end":{"line":36,"column":52}},"type":"cond-expr","locations":[{"start":{"line":36,"column":34},"end":{"line":36,"column":46}},{"start":{"line":36,"column":46},"end":{"line":36,"column":52}}],"line":36}},"s":{"0":26,"1":2,"2":24,"3":114,"4":24,"5":52,"6":38,"7":0,"8":24,"9":114},"f":{"0":26,"1":114,"2":114},"b":{"0":[2,24],"1":[26,25],"2":[24,52,38,0],"3":[24,90],"4":[24,90]},"meta":{"lastBranch":5,"lastFunction":3,"lastStatement":10,"seen":{"f:3:24:3:48":0,"b:4:2:6:Infinity:undefined:undefined:undefined:undefined":0,"s:4:2:6:Infinity":0,"b:4:6:4:23:4:23:4:50":1,"s:5:4:5:Infinity":1,"s:8:8:19:Infinity":2,"f:8:8:8:25":1,"b:10:6:11:Infinity:12:6:13:Infinity:14:6:15:Infinity:16:6:17:Infinity":2,"s:9:4:18:Infinity":3,"s:11:8:11:Infinity":4,"s:13:8:13:Infinity":5,"s:15:8:15:Infinity":6,"s:17:8:17:Infinity":7,"s:21:2:54:Infinity":8,"f:28:22:28:27":2,"s:29:10:51:Infinity":9,"b:35:55:35:67:35:67:35:Infinity":3,"b:36:34:36:46:36:46:36:52":4},"fnNames":{}}}
,"C:\\Users\\Iladio\\OneDrive\\Documents\\All Activity\\Summer Class\\Testin_week1_2\\frontend\\src\\components\\week2\\Day2\\AiInsightCard.jsx": {"path":"C:\\Users\\Iladio\\OneDrive\\Documents\\All Activity\\Summer Class\\Testin_week1_2\\frontend\\src\\components\\week2\\Day2\\AiInsightCard.jsx","statementMap":{"0":{"start":{"line":5,"column":19},"end":{"line":5,"column":null}},"1":{"start":{"line":6,"column":18},"end":{"line":6,"column":null}},"2":{"start":{"line":8,"column":2},"end":{"line":17,"column":null}},"3":{"start":{"line":9,"column":18},"end":{"line":9,"column":null}},"4":{"start":{"line":10,"column":4},"end":{"line":15,"column":null}},"5":{"start":{"line":11,"column":6},"end":{"line":14,"column":null}},"6":{"start":{"line":12,"column":8},"end":{"line":12,"column":null}},"7":{"start":{"line":13,"column":8},"end":{"line":13,"column":null}},"8":{"start":{"line":16,"column":4},"end":{"line":16,"column":null}},"9":{"start":{"line":16,"column":18},"end":{"line":16,"column":null}},"10":{"start":{"line":19,"column":2},"end":{"line":19,"column":null}},"11":{"start":{"line":19,"column":15},"end":{"line":19,"column":null}},"12":{"start":{"line":21,"column":2},"end":{"line":48,"column":null}},"13":{"start":{"line":27,"column":10},"end":{"line":35,"column":null}},"14":{"start":{"line":43,"column":12},"end":{"line":43,"column":null}}},"fnMap":{"0":{"name":"AIInsightCards","decl":{"start":{"line":4,"column":24},"end":{"line":4,"column":41}},"loc":{"start":{"line":4,"column":41},"end":{"line":50,"column":null}},"line":4},"1":{"name":"(anonymous_1)","decl":{"start":{"line":8,"column":2},"end":{"line":8,"column":18}},"loc":{"start":{"line":8,"column":18},"end":{"line":17,"column":5}},"line":8},"2":{"name":"(anonymous_2)","decl":{"start":{"line":10,"column":20},"end":{"line":10,"column":26}},"loc":{"start":{"line":10,"column":35},"end":{"line":15,"column":5}},"line":10},"3":{"name":"(anonymous_3)","decl":{"start":{"line":16,"column":4},"end":{"line":16,"column":18}},"loc":{"start":{"line":16,"column":18},"end":{"line":16,"column":null}},"line":16},"4":{"name":"(anonymous_4)","decl":{"start":{"line":26,"column":18},"end":{"line":26,"column":23}},"loc":{"start":{"line":27,"column":10},"end":{"line":35,"column":null}},"line":27},"5":{"name":"(anonymous_5)","decl":{"start":{"line":42,"column":20},"end":{"line":42,"column":25}},"loc":{"start":{"line":43,"column":12},"end":{"line":43,"column":null}},"line":43}},"branchMap":{"0":{"loc":{"start":{"line":11,"column":6},"end":{"line":14,"column":null}},"type":"if","locations":[{"start":{"line":11,"column":6},"end":{"line":14,"column":null}},{"start":{},"end":{}}],"line":11},"1":{"loc":{"start":{"line":19,"column":2},"end":{"line":19,"column":null}},"type":"if","locations":[{"start":{"line":19,"column":2},"end":{"line":19,"column":null}},{"start":{},"end":{}}],"line":19}},"s":{"0":13,"1":13,"2":13,"3":7,"4":7,"5":6,"6":6,"7":6,"8":7,"9":7,"10":13,"11":7,"12":6,"13":7,"14":7},"f":{"0":13,"1":7,"2":6,"3":7,"4":7,"5":7},"b":{"0":[6,0],"1":[7,6]},"meta":{"lastBranch":2,"lastFunction":6,"lastStatement":15,"seen":{"f:4:24:4:41":0,"s:5:19:5:Infinity":0,"s:6:18:6:Infinity":1,"s:8:2:17:Infinity":2,"f:8:2:8:18":1,"s:9:18:9:Infinity":3,"s:10:4:15:Infinity":4,"f:10:20:10:26":2,"b:11:6:14:Infinity:undefined:undefined:undefined:undefined":0,"s:11:6:14:Infinity":5,"s:12:8:12:Infinity":6,"s:13:8:13:Infinity":7,"s:16:4:16:Infinity":8,"f:16:4:16:18":3,"s:16:18:16:Infinity":9,"b:19:2:19:Infinity:undefined:undefined:undefined:undefined":1,"s:19:2:19:Infinity":10,"s:19:15:19:Infinity":11,"s:21:2:48:Infinity":12,"f:26:18:26:23":4,"s:27:10:35:Infinity":13,"f:42:20:42:25":5,"s:43:12:43:Infinity":14},"fnNames":{}}}
,"C:\\Users\\Iladio\\OneDrive\\Documents\\All Activity\\Summer Class\\Testin_week1_2\\frontend\\src\\components\\week2\\Day2\\AlertNotifications.jsx": {"path":"C:\\Users\\Iladio\\OneDrive\\Documents\\All Activity\\Summer Class\\Testin_week1_2\\frontend\\src\\components\\week2\\Day2\\AlertNotifications.jsx","statementMap":{"0":{"start":{"line":4,"column":2},"end":{"line":25,"column":null}},"1":{"start":{"line":18,"column":12},"end":{"line":21,"column":null}}},"fnMap":{"0":{"name":"AlertNotifications","decl":{"start":{"line":1,"column":24},"end":{"line":1,"column":43}},"loc":{"start":{"line":3,"column":3},"end":{"line":27,"column":null}},"line":3},"1":{"name":"(anonymous_1)","decl":{"start":{"line":17,"column":30},"end":{"line":17,"column":35}},"loc":{"start":{"line":18,"column":12},"end":{"line":21,"column":null}},"line":18}},"branchMap":{},"s":{"0":3,"1":9},"f":{"0":3,"1":9},"b":{},"meta":{"lastBranch":0,"lastFunction":2,"lastStatement":2,"seen":{"f:1:24:1:43":0,"s:4:2:25:Infinity":0,"f:17:30:17:35":1,"s:18:12:21:Infinity":1},"fnNames":{}}}
,"C:\\Users\\Iladio\\OneDrive\\Documents\\All Activity\\Summer Class\\Testin_week1_2\\frontend\\src\\components\\week2\\Day2\\ReportDataPresentation.jsx": {"path":"C:\\Users\\Iladio\\OneDrive\\Documents\\All Activity\\Summer Class\\Testin_week1_2\\frontend\\src\\components\\week2\\Day2\\ReportDataPresentation.jsx","statementMap":{"0":{"start":{"line":4,"column":2},"end":{"line":27,"column":null}},"1":{"start":{"line":19,"column":12},"end":{"line":23,"column":null}}},"fnMap":{"0":{"name":"ReportDataPresentation","decl":{"start":{"line":1,"column":24},"end":{"line":1,"column":47}},"loc":{"start":{"line":3,"column":3},"end":{"line":29,"column":null}},"line":3},"1":{"name":"(anonymous_1)","decl":{"start":{"line":18,"column":22},"end":{"line":18,"column":27}},"loc":{"start":{"line":19,"column":12},"end":{"line":23,"column":null}},"line":19}},"branchMap":{},"s":{"0":3,"1":9},"f":{"0":3,"1":9},"b":{},"meta":{"lastBranch":0,"lastFunction":2,"lastStatement":2,"seen":{"f:1:24:1:47":0,"s:4:2:27:Infinity":0,"f:18:22:18:27":1,"s:19:12:23:Infinity":1},"fnNames":{}}}
,"C:\\Users\\Iladio\\OneDrive\\Documents\\All Activity\\Summer Class\\Testin_week1_2\\frontend\\src\\components\\week2\\Day2\\SalesReportSummaryCards.jsx": {"path":"C:\\Users\\Iladio\\OneDrive\\Documents\\All Activity\\Summer Class\\Testin_week1_2\\frontend\\src\\components\\week2\\Day2\\SalesReportSummaryCards.jsx","statementMap":{"0":{"start":{"line":4,"column":2},"end":{"line":25,"column":null}},"1":{"start":{"line":18,"column":12},"end":{"line":21,"column":null}}},"fnMap":{"0":{"name":"SalesReportSummaryCards","decl":{"start":{"line":1,"column":24},"end":{"line":1,"column":48}},"loc":{"start":{"line":3,"column":3},"end":{"line":27,"column":null}},"line":3},"1":{"name":"(anonymous_1)","decl":{"start":{"line":17,"column":27},"end":{"line":17,"column":32}},"loc":{"start":{"line":18,"column":12},"end":{"line":21,"column":null}},"line":18}},"branchMap":{},"s":{"0":3,"1":9},"f":{"0":3,"1":9},"b":{},"meta":{"lastBranch":0,"lastFunction":2,"lastStatement":2,"seen":{"f:1:24:1:48":0,"s:4:2:25:Infinity":0,"f:17:27:17:32":1,"s:18:12:21:Infinity":1},"fnNames":{}}}
,"C:\\Users\\Iladio\\OneDrive\\Documents\\All Activity\\Summer Class\\Testin_week1_2\\frontend\\src\\components\\week3\\Day1\\AnalyticReport.jsx": {"path":"C:\\Users\\Iladio\\OneDrive\\Documents\\All Activity\\Summer Class\\Testin_week1_2\\frontend\\src\\components\\week3\\Day1\\AnalyticReport.jsx","statementMap":{"0":{"start":{"line":2,"column":21},"end":{"line":2,"column":null}},"1":{"start":{"line":4,"column":2},"end":{"line":12,"column":null}}},"fnMap":{"0":{"name":"AnalyticReport","decl":{"start":{"line":1,"column":24},"end":{"line":1,"column":39}},"loc":{"start":{"line":1,"column":58},"end":{"line":14,"column":null}},"line":1}},"branchMap":{"0":{"loc":{"start":{"line":2,"column":21},"end":{"line":2,"column":null}},"type":"binary-expr","locations":[{"start":{"line":2,"column":21},"end":{"line":2,"column":31}},{"start":{"line":2,"column":31},"end":{"line":2,"column":null}}],"line":2},"1":{"loc":{"start":{"line":7,"column":34},"end":{"line":7,"column":63}},"type":"binary-expr","locations":[{"start":{"line":7,"column":34},"end":{"line":7,"column":54}},{"start":{"line":7,"column":54},"end":{"line":7,"column":63}}],"line":7},"2":{"loc":{"start":{"line":8,"column":35},"end":{"line":8,"column":64}},"type":"binary-expr","locations":[{"start":{"line":8,"column":35},"end":{"line":8,"column":55}},{"start":{"line":8,"column":55},"end":{"line":8,"column":64}}],"line":8},"3":{"loc":{"start":{"line":9,"column":40},"end":{"line":9,"column":70}},"type":"binary-expr","locations":[{"start":{"line":9,"column":40},"end":{"line":9,"column":65}},{"start":{"line":9,"column":65},"end":{"line":9,"column":70}}],"line":9},"4":{"loc":{"start":{"line":10,"column":41},"end":{"line":10,"column":77}},"type":"binary-expr","locations":[{"start":{"line":10,"column":41},"end":{"line":10,"column":72}},{"start":{"line":10,"column":72},"end":{"line":10,"column":77}}],"line":10},"5":{"loc":{"start":{"line":11,"column":41},"end":{"line":11,"column":72}},"type":"binary-expr","locations":[{"start":{"line":11,"column":41},"end":{"line":11,"column":67}},{"start":{"line":11,"column":67},"end":{"line":11,"column":72}}],"line":11}},"s":{"0":13,"1":13},"f":{"0":13},"b":{"0":[13,1],"1":[13,1],"2":[13,1],"3":[13,1],"4":[13,1],"5":[13,1]},"meta":{"lastBranch":6,"lastFunction":1,"lastStatement":2,"seen":{"f:1:24:1:39":0,"s:2:21:2:Infinity":0,"b:2:21:2:31:2:31:2:Infinity":0,"s:4:2:12:Infinity":1,"b:7:34:7:54:7:54:7:63":1,"b:8:35:8:55:8:55:8:64":2,"b:9:40:9:65:9:65:9:70":3,"b:10:41:10:72:10:72:10:77":4,"b:11:41:11:67:11:67:11:72":5},"fnNames":{}}}
,"C:\\Users\\Iladio\\OneDrive\\Documents\\All Activity\\Summer Class\\Testin_week1_2\\frontend\\src\\components\\week3\\Day1\\AnalyticsDashboard.jsx": {"path":"C:\\Users\\Iladio\\OneDrive\\Documents\\All Activity\\Summer Class\\Testin_week1_2\\frontend\\src\\components\\week3\\Day1\\AnalyticsDashboard.jsx","statementMap":{"0":{"start":{"line":7,"column":2},"end":{"line":13,"column":null}},"1":{"start":{"line":17,"column":2},"end":{"line":23,"column":null}},"2":{"start":{"line":27,"column":2},"end":{"line":38,"column":null}},"3":{"start":{"line":28,"column":4},"end":{"line":36,"column":null}},"4":{"start":{"line":31,"column":10},"end":{"line":34,"column":null}},"5":{"start":{"line":40,"column":2},"end":{"line":64,"column":null}},"6":{"start":{"line":69,"column":2},"end":{"line":76,"column":null}},"7":{"start":{"line":70,"column":4},"end":{"line":74,"column":null}},"8":{"start":{"line":78,"column":2},"end":{"line":85,"column":null}},"9":{"start":{"line":79,"column":4},"end":{"line":83,"column":null}},"10":{"start":{"line":87,"column":2},"end":{"line":117,"column":null}},"11":{"start":{"line":92,"column":10},"end":{"line":105,"column":null}},"12":{"start":{"line":113,"column":12},"end":{"line":113,"column":null}},"13":{"start":{"line":122,"column":2},"end":{"line":129,"column":null}},"14":{"start":{"line":123,"column":4},"end":{"line":127,"column":null}},"15":{"start":{"line":131,"column":2},"end":{"line":138,"column":null}},"16":{"start":{"line":132,"column":4},"end":{"line":136,"column":null}},"17":{"start":{"line":140,"column":22},"end":{"line":144,"column":null}},"18":{"start":{"line":146,"column":2},"end":{"line":180,"column":null}},"19":{"start":{"line":151,"column":10},"end":{"line":177,"column":null}},"20":{"start":{"line":185,"column":2},"end":{"line":192,"column":null}},"21":{"start":{"line":186,"column":4},"end":{"line":190,"column":null}},"22":{"start":{"line":194,"column":2},"end":{"line":201,"column":null}},"23":{"start":{"line":195,"column":4},"end":{"line":199,"column":null}},"24":{"start":{"line":203,"column":88},"end":{"line":203,"column":null}},"25":{"start":{"line":205,"column":2},"end":{"line":271,"column":null}},"26":{"start":{"line":223,"column":18},"end":{"line":225,"column":null}},"27":{"start":{"line":224,"column":21},"end":{"line":224,"column":null}},"28":{"start":{"line":226,"column":12},"end":{"line":238,"column":null}},"29":{"start":{"line":251,"column":12},"end":{"line":253,"column":null}},"30":{"start":{"line":265,"column":12},"end":{"line":267,"column":null}},"31":{"start":{"line":276,"column":25},"end":{"line":276,"column":null}},"32":{"start":{"line":277,"column":28},"end":{"line":277,"column":null}},"33":{"start":{"line":278,"column":21},"end":{"line":278,"column":null}},"34":{"start":{"line":279,"column":26},"end":{"line":279,"column":null}},"35":{"start":{"line":280,"column":23},"end":{"line":284,"column":null}},"36":{"start":{"line":285,"column":16},"end":{"line":285,"column":null}},"37":{"start":{"line":287,"column":2},"end":{"line":361,"column":null}},"38":{"start":{"line":288,"column":18},"end":{"line":288,"column":null}},"39":{"start":{"line":291,"column":6},"end":{"line":291,"column":null}},"40":{"start":{"line":292,"column":6},"end":{"line":292,"column":null}},"41":{"start":{"line":292,"column":19},"end":{"line":292,"column":null}},"42":{"start":{"line":296,"column":4},"end":{"line":311,"column":null}},"43":{"start":{"line":298,"column":8},"end":{"line":298,"column":null}},"44":{"start":{"line":298,"column":22},"end":{"line":298,"column":null}},"45":{"start":{"line":299,"column":8},"end":{"line":302,"column":null}},"46":{"start":{"line":300,"column":10},"end":{"line":300,"column":null}},"47":{"start":{"line":301,"column":10},"end":{"line":301,"column":null}},"48":{"start":{"line":303,"column":8},"end":{"line":303,"column":null}},"49":{"start":{"line":304,"column":8},"end":{"line":304,"column":null}},"50":{"start":{"line":304,"column":35},"end":{"line":304,"column":70}},"51":{"start":{"line":307,"column":8},"end":{"line":310,"column":null}},"52":{"start":{"line":308,"column":10},"end":{"line":308,"column":null}},"53":{"start":{"line":309,"column":10},"end":{"line":309,"column":null}},"54":{"start":{"line":309,"column":37},"end":{"line":309,"column":72}},"55":{"start":{"line":314,"column":4},"end":{"line":342,"column":null}},"56":{"start":{"line":316,"column":8},"end":{"line":316,"column":null}},"57":{"start":{"line":316,"column":22},"end":{"line":316,"column":null}},"58":{"start":{"line":317,"column":8},"end":{"line":320,"column":null}},"59":{"start":{"line":318,"column":10},"end":{"line":318,"column":null}},"60":{"start":{"line":319,"column":10},"end":{"line":319,"column":null}},"61":{"start":{"line":321,"column":8},"end":{"line":321,"column":null}},"62":{"start":{"line":323,"column":24},"end":{"line":333,"column":null}},"63":{"start":{"line":325,"column":66},"end":{"line":325,"column":88}},"64":{"start":{"line":326,"column":67},"end":{"line":326,"column":83}},"65":{"start":{"line":328,"column":66},"end":{"line":328,"column":88}},"66":{"start":{"line":328,"column":137},"end":{"line":328,"column":153}},"67":{"start":{"line":330,"column":66},"end":{"line":330,"column":92}},"68":{"start":{"line":331,"column":79},"end":{"line":331,"column":101}},"69":{"start":{"line":334,"column":8},"end":{"line":334,"column":null}},"70":{"start":{"line":335,"column":8},"end":{"line":335,"column":null}},"71":{"start":{"line":335,"column":35},"end":{"line":335,"column":73}},"72":{"start":{"line":338,"column":8},"end":{"line":341,"column":null}},"73":{"start":{"line":339,"column":10},"end":{"line":339,"column":null}},"74":{"start":{"line":340,"column":10},"end":{"line":340,"column":null}},"75":{"start":{"line":340,"column":37},"end":{"line":340,"column":75}},"76":{"start":{"line":345,"column":4},"end":{"line":356,"column":null}},"77":{"start":{"line":347,"column":8},"end":{"line":347,"column":null}},"78":{"start":{"line":347,"column":22},"end":{"line":347,"column":null}},"79":{"start":{"line":348,"column":8},"end":{"line":348,"column":null}},"80":{"start":{"line":349,"column":8},"end":{"line":349,"column":null}},"81":{"start":{"line":349,"column":35},"end":{"line":349,"column":66}},"82":{"start":{"line":352,"column":8},"end":{"line":355,"column":null}},"83":{"start":{"line":353,"column":10},"end":{"line":353,"column":null}},"84":{"start":{"line":354,"column":10},"end":{"line":354,"column":null}},"85":{"start":{"line":354,"column":37},"end":{"line":354,"column":68}},"86":{"start":{"line":358,"column":4},"end":{"line":360,"column":null}},"87":{"start":{"line":359,"column":6},"end":{"line":359,"column":null}},"88":{"start":{"line":364,"column":2},"end":{"line":376,"column":null}},"89":{"start":{"line":364,"column":56},"end":{"line":364,"column":67}},"90":{"start":{"line":365,"column":4},"end":{"line":374,"column":null}},"91":{"start":{"line":378,"column":2},"end":{"line":404,"column":null}}},"fnMap":{"0":{"name":"hasValidSalesAnalytics","decl":{"start":{"line":6,"column":9},"end":{"line":6,"column":32}},"loc":{"start":{"line":6,"column":38},"end":{"line":14,"column":null}},"line":6},"1":{"name":"hasValidBranchPerformance","decl":{"start":{"line":16,"column":9},"end":{"line":16,"column":35}},"loc":{"start":{"line":16,"column":41},"end":{"line":24,"column":null}},"line":16},"2":{"name":"OverviewMetrics","decl":{"start":{"line":26,"column":9},"end":{"line":26,"column":25}},"loc":{"start":{"line":26,"column":47},"end":{"line":66,"column":null}},"line":26},"3":{"name":"(anonymous_3)","decl":{"start":{"line":30,"column":22},"end":{"line":30,"column":27}},"loc":{"start":{"line":31,"column":10},"end":{"line":34,"column":null}},"line":31},"4":{"name":"AIInsightsSection","decl":{"start":{"line":68,"column":9},"end":{"line":68,"column":27}},"loc":{"start":{"line":68,"column":50},"end":{"line":119,"column":null}},"line":68},"5":{"name":"(anonymous_5)","decl":{"start":{"line":91,"column":18},"end":{"line":91,"column":23}},"loc":{"start":{"line":92,"column":10},"end":{"line":105,"column":null}},"line":92},"6":{"name":"(anonymous_6)","decl":{"start":{"line":112,"column":20},"end":{"line":112,"column":25}},"loc":{"start":{"line":113,"column":12},"end":{"line":113,"column":null}},"line":113},"7":{"name":"SalesAnalyticsReports","decl":{"start":{"line":121,"column":9},"end":{"line":121,"column":31}},"loc":{"start":{"line":121,"column":53},"end":{"line":182,"column":null}},"line":121},"8":{"name":"(anonymous_8)","decl":{"start":{"line":150,"column":21},"end":{"line":150,"column":26}},"loc":{"start":{"line":151,"column":10},"end":{"line":177,"column":null}},"line":151},"9":{"name":"BranchPerformanceSection","decl":{"start":{"line":184,"column":9},"end":{"line":184,"column":34}},"loc":{"start":{"line":184,"column":59},"end":{"line":273,"column":null}},"line":184},"10":{"name":"(anonymous_10)","decl":{"start":{"line":222,"column":39},"end":{"line":222,"column":44}},"loc":{"start":{"line":222,"column":55},"end":{"line":240,"column":11}},"line":222},"11":{"name":"(anonymous_11)","decl":{"start":{"line":223,"column":68},"end":{"line":223,"column":null}},"loc":{"start":{"line":224,"column":21},"end":{"line":224,"column":null}},"line":224},"12":{"name":"(anonymous_12)","decl":{"start":{"line":250,"column":42},"end":{"line":250,"column":47}},"loc":{"start":{"line":251,"column":12},"end":{"line":253,"column":null}},"line":251},"13":{"name":"(anonymous_13)","decl":{"start":{"line":264,"column":48},"end":{"line":264,"column":53}},"loc":{"start":{"line":265,"column":12},"end":{"line":267,"column":null}},"line":265},"14":{"name":"AnalyticsDashboard","decl":{"start":{"line":275,"column":24},"end":{"line":275,"column":45}},"loc":{"start":{"line":275,"column":45},"end":{"line":406,"column":null}},"line":275},"15":{"name":"(anonymous_15)","decl":{"start":{"line":287,"column":2},"end":{"line":287,"column":18}},"loc":{"start":{"line":287,"column":18},"end":{"line":361,"column":5}},"line":287},"16":{"name":"handleError","decl":{"start":{"line":290,"column":13},"end":{"line":290,"column":25}},"loc":{"start":{"line":290,"column":38},"end":{"line":293,"column":null}},"line":290},"17":{"name":"(anonymous_17)","decl":{"start":{"line":297,"column":7},"end":{"line":297,"column":13}},"loc":{"start":{"line":297,"column":22},"end":{"line":305,"column":7}},"line":297},"18":{"name":"(anonymous_18)","decl":{"start":{"line":304,"column":8},"end":{"line":304,"column":25}},"loc":{"start":{"line":304,"column":35},"end":{"line":304,"column":70}},"line":304},"19":{"name":"(anonymous_19)","decl":{"start":{"line":306,"column":7},"end":{"line":306,"column":14}},"loc":{"start":{"line":306,"column":22},"end":{"line":311,"column":7}},"line":306},"20":{"name":"(anonymous_20)","decl":{"start":{"line":309,"column":10},"end":{"line":309,"column":27}},"loc":{"start":{"line":309,"column":37},"end":{"line":309,"column":72}},"line":309},"21":{"name":"(anonymous_21)","decl":{"start":{"line":315,"column":7},"end":{"line":315,"column":13}},"loc":{"start":{"line":315,"column":22},"end":{"line":336,"column":7}},"line":315},"22":{"name":"(anonymous_22)","decl":{"start":{"line":325,"column":47},"end":{"line":325,"column":55}},"loc":{"start":{"line":325,"column":66},"end":{"line":325,"column":88}},"line":325},"23":{"name":"(anonymous_23)","decl":{"start":{"line":326,"column":48},"end":{"line":326,"column":56}},"loc":{"start":{"line":326,"column":67},"end":{"line":326,"column":83}},"line":326},"24":{"name":"(anonymous_24)","decl":{"start":{"line":328,"column":47},"end":{"line":328,"column":55}},"loc":{"start":{"line":328,"column":66},"end":{"line":328,"column":88}},"line":328},"25":{"name":"(anonymous_25)","decl":{"start":{"line":328,"column":118},"end":{"line":328,"column":126}},"loc":{"start":{"line":328,"column":137},"end":{"line":328,"column":153}},"line":328},"26":{"name":"(anonymous_26)","decl":{"start":{"line":330,"column":52},"end":{"line":330,"column":60}},"loc":{"start":{"line":330,"column":66},"end":{"line":330,"column":92}},"line":330},"27":{"name":"(anonymous_27)","decl":{"start":{"line":331,"column":60},"end":{"line":331,"column":68}},"loc":{"start":{"line":331,"column":79},"end":{"line":331,"column":101}},"line":331},"28":{"name":"(anonymous_28)","decl":{"start":{"line":335,"column":8},"end":{"line":335,"column":25}},"loc":{"start":{"line":335,"column":35},"end":{"line":335,"column":73}},"line":335},"29":{"name":"(anonymous_29)","decl":{"start":{"line":337,"column":7},"end":{"line":337,"column":14}},"loc":{"start":{"line":337,"column":22},"end":{"line":342,"column":7}},"line":337},"30":{"name":"(anonymous_30)","decl":{"start":{"line":340,"column":10},"end":{"line":340,"column":27}},"loc":{"start":{"line":340,"column":37},"end":{"line":340,"column":75}},"line":340},"31":{"name":"(anonymous_31)","decl":{"start":{"line":346,"column":7},"end":{"line":346,"column":13}},"loc":{"start":{"line":346,"column":22},"end":{"line":350,"column":7}},"line":346},"32":{"name":"(anonymous_32)","decl":{"start":{"line":349,"column":8},"end":{"line":349,"column":25}},"loc":{"start":{"line":349,"column":35},"end":{"line":349,"column":66}},"line":349},"33":{"name":"(anonymous_33)","decl":{"start":{"line":351,"column":7},"end":{"line":351,"column":14}},"loc":{"start":{"line":351,"column":22},"end":{"line":356,"column":7}},"line":351},"34":{"name":"(anonymous_34)","decl":{"start":{"line":354,"column":10},"end":{"line":354,"column":27}},"loc":{"start":{"line":354,"column":37},"end":{"line":354,"column":68}},"line":354},"35":{"name":"(anonymous_35)","decl":{"start":{"line":358,"column":4},"end":{"line":358,"column":17}},"loc":{"start":{"line":358,"column":17},"end":{"line":360,"column":null}},"line":358},"36":{"name":"(anonymous_36)","decl":{"start":{"line":364,"column":43},"end":{"line":364,"column":50}},"loc":{"start":{"line":364,"column":56},"end":{"line":364,"column":67}},"line":364}},"branchMap":{"0":{"loc":{"start":{"line":8,"column":4},"end":{"line":12,"column":null}},"type":"binary-expr","locations":[{"start":{"line":8,"column":4},"end":{"line":8,"column":null}},{"start":{"line":9,"column":4},"end":{"line":9,"column":null}},{"start":{"line":10,"column":4},"end":{"line":10,"column":null}},{"start":{"line":11,"column":4},"end":{"line":11,"column":null}},{"start":{"line":12,"column":4},"end":{"line":12,"column":null}}],"line":8},"1":{"loc":{"start":{"line":18,"column":4},"end":{"line":22,"column":null}},"type":"binary-expr","locations":[{"start":{"line":18,"column":4},"end":{"line":18,"column":null}},{"start":{"line":19,"column":4},"end":{"line":19,"column":null}},{"start":{"line":20,"column":4},"end":{"line":20,"column":null}},{"start":{"line":21,"column":4},"end":{"line":21,"column":null}},{"start":{"line":22,"column":4},"end":{"line":22,"column":null}}],"line":18},"2":{"loc":{"start":{"line":27,"column":2},"end":{"line":38,"column":null}},"type":"if","locations":[{"start":{"line":27,"column":2},"end":{"line":38,"column":null}},{"start":{},"end":{}}],"line":27},"3":{"loc":{"start":{"line":44,"column":39},"end":{"line":44,"column":81}},"type":"binary-expr","locations":[{"start":{"line":44,"column":39},"end":{"line":44,"column":71}},{"start":{"line":44,"column":71},"end":{"line":44,"column":81}}],"line":44},"4":{"loc":{"start":{"line":45,"column":37},"end":{"line":45,"column":69}},"type":"binary-expr","locations":[{"start":{"line":45,"column":37},"end":{"line":45,"column":67}},{"start":{"line":45,"column":67},"end":{"line":45,"column":69}}],"line":45},"5":{"loc":{"start":{"line":49,"column":39},"end":{"line":49,"column":72}},"type":"binary-expr","locations":[{"start":{"line":49,"column":39},"end":{"line":49,"column":65}},{"start":{"line":49,"column":65},"end":{"line":49,"column":72}}],"line":49},"6":{"loc":{"start":{"line":50,"column":37},"end":{"line":50,"column":67}},"type":"binary-expr","locations":[{"start":{"line":50,"column":37},"end":{"line":50,"column":65}},{"start":{"line":50,"column":65},"end":{"line":50,"column":67}}],"line":50},"7":{"loc":{"start":{"line":54,"column":39},"end":{"line":54,"column":75}},"type":"binary-expr","locations":[{"start":{"line":54,"column":39},"end":{"line":54,"column":73}},{"start":{"line":54,"column":73},"end":{"line":54,"column":75}}],"line":54},"8":{"loc":{"start":{"line":55,"column":24},"end":{"line":55,"column":null}},"type":"cond-expr","locations":[{"start":{"line":55,"column":84},"end":{"line":55,"column":97}},{"start":{"line":55,"column":97},"end":{"line":55,"column":null}}],"line":55},"9":{"loc":{"start":{"line":55,"column":39},"end":{"line":55,"column":79}},"type":"binary-expr","locations":[{"start":{"line":55,"column":39},"end":{"line":55,"column":73}},{"start":{"line":55,"column":73},"end":{"line":55,"column":79}}],"line":55},"10":{"loc":{"start":{"line":56,"column":11},"end":{"line":56,"column":null}},"type":"cond-expr","locations":[{"start":{"line":56,"column":51},"end":{"line":56,"column":65}},{"start":{"line":56,"column":65},"end":{"line":56,"column":null}}],"line":56},"11":{"loc":{"start":{"line":56,"column":65},"end":{"line":56,"column":null}},"type":"cond-expr","locations":[{"start":{"line":56,"column":104},"end":{"line":56,"column":117}},{"start":{"line":56,"column":117},"end":{"line":56,"column":null}}],"line":56},"12":{"loc":{"start":{"line":61,"column":41},"end":{"line":61,"column":68}},"type":"binary-expr","locations":[{"start":{"line":61,"column":41},"end":{"line":61,"column":65}},{"start":{"line":61,"column":65},"end":{"line":61,"column":68}}],"line":61},"13":{"loc":{"start":{"line":62,"column":44},"end":{"line":62,"column":72}},"type":"binary-expr","locations":[{"start":{"line":62,"column":44},"end":{"line":62,"column":70}},{"start":{"line":62,"column":70},"end":{"line":62,"column":72}}],"line":62},"14":{"loc":{"start":{"line":69,"column":2},"end":{"line":76,"column":null}},"type":"if","locations":[{"start":{"line":69,"column":2},"end":{"line":76,"column":null}},{"start":{},"end":{}}],"line":69},"15":{"loc":{"start":{"line":78,"column":2},"end":{"line":85,"column":null}},"type":"if","locations":[{"start":{"line":78,"column":2},"end":{"line":85,"column":null}},{"start":{},"end":{}}],"line":78},"16":{"loc":{"start":{"line":78,"column":6},"end":{"line":78,"column":42}},"type":"binary-expr","locations":[{"start":{"line":78,"column":6},"end":{"line":78,"column":19}},{"start":{"line":78,"column":19},"end":{"line":78,"column":42}}],"line":78},"17":{"loc":{"start":{"line":93,"column":45},"end":{"line":93,"column":null}},"type":"binary-expr","locations":[{"start":{"line":93,"column":45},"end":{"line":93,"column":65}},{"start":{"line":93,"column":65},"end":{"line":93,"column":null}}],"line":93},"18":{"loc":{"start":{"line":94,"column":15},"end":{"line":94,"column":null}},"type":"binary-expr","locations":[{"start":{"line":94,"column":15},"end":{"line":94,"column":31}},{"start":{"line":94,"column":31},"end":{"line":94,"column":null}}],"line":94},"19":{"loc":{"start":{"line":122,"column":2},"end":{"line":129,"column":null}},"type":"if","locations":[{"start":{"line":122,"column":2},"end":{"line":129,"column":null}},{"start":{},"end":{}}],"line":122},"20":{"loc":{"start":{"line":131,"column":2},"end":{"line":138,"column":null}},"type":"if","locations":[{"start":{"line":131,"column":2},"end":{"line":138,"column":null}},{"start":{},"end":{}}],"line":131},"21":{"loc":{"start":{"line":156,"column":17},"end":{"line":156,"column":null}},"type":"binary-expr","locations":[{"start":{"line":156,"column":17},"end":{"line":156,"column":37}},{"start":{"line":156,"column":37},"end":{"line":156,"column":null}}],"line":156},"22":{"loc":{"start":{"line":162,"column":18},"end":{"line":162,"column":null}},"type":"binary-expr","locations":[{"start":{"line":162,"column":18},"end":{"line":162,"column":61}},{"start":{"line":162,"column":61},"end":{"line":162,"column":null}}],"line":162},"23":{"loc":{"start":{"line":168,"column":17},"end":{"line":168,"column":null}},"type":"binary-expr","locations":[{"start":{"line":168,"column":17},"end":{"line":168,"column":48}},{"start":{"line":168,"column":48},"end":{"line":168,"column":null}}],"line":168},"24":{"loc":{"start":{"line":174,"column":18},"end":{"line":174,"column":null}},"type":"binary-expr","locations":[{"start":{"line":174,"column":18},"end":{"line":174,"column":62}},{"start":{"line":174,"column":62},"end":{"line":174,"column":null}}],"line":174},"25":{"loc":{"start":{"line":185,"column":2},"end":{"line":192,"column":null}},"type":"if","locations":[{"start":{"line":185,"column":2},"end":{"line":192,"column":null}},{"start":{},"end":{}}],"line":185},"26":{"loc":{"start":{"line":194,"column":2},"end":{"line":201,"column":null}},"type":"if","locations":[{"start":{"line":194,"column":2},"end":{"line":201,"column":null}},{"start":{},"end":{}}],"line":194},"27":{"loc":{"start":{"line":222,"column":12},"end":{"line":222,"column":39}},"type":"binary-expr","locations":[{"start":{"line":222,"column":12},"end":{"line":222,"column":35}},{"start":{"line":222,"column":35},"end":{"line":222,"column":39}}],"line":222},"28":{"loc":{"start":{"line":223,"column":32},"end":{"line":223,"column":68}},"type":"binary-expr","locations":[{"start":{"line":223,"column":32},"end":{"line":223,"column":64}},{"start":{"line":223,"column":64},"end":{"line":223,"column":68}}],"line":223},"29":{"loc":{"start":{"line":229,"column":22},"end":{"line":229,"column":71}},"type":"binary-expr","locations":[{"start":{"line":229,"column":22},"end":{"line":229,"column":63}},{"start":{"line":229,"column":63},"end":{"line":229,"column":71}}],"line":229},"30":{"loc":{"start":{"line":230,"column":22},"end":{"line":230,"column":65}},"type":"binary-expr","locations":[{"start":{"line":230,"column":22},"end":{"line":230,"column":57}},{"start":{"line":230,"column":57},"end":{"line":230,"column":65}}],"line":230},"31":{"loc":{"start":{"line":233,"column":51},"end":{"line":233,"column":null}},"type":"binary-expr","locations":[{"start":{"line":233,"column":51},"end":{"line":233,"column":73}},{"start":{"line":233,"column":73},"end":{"line":233,"column":null}}],"line":233},"32":{"loc":{"start":{"line":234,"column":21},"end":{"line":235,"column":null}},"type":"cond-expr","locations":[{"start":{"line":234,"column":57},"end":{"line":234,"column":null}},{"start":{"line":235,"column":21},"end":{"line":235,"column":null}}],"line":234},"33":{"loc":{"start":{"line":235,"column":21},"end":{"line":235,"column":null}},"type":"cond-expr","locations":[{"start":{"line":235,"column":57},"end":{"line":235,"column":70}},{"start":{"line":235,"column":70},"end":{"line":235,"column":null}}],"line":235},"34":{"loc":{"start":{"line":246,"column":8},"end":{"line":255,"column":null}},"type":"cond-expr","locations":[{"start":{"line":247,"column":8},"end":{"line":249,"column":9}},{"start":{"line":249,"column":8},"end":{"line":255,"column":null}}],"line":246},"35":{"loc":{"start":{"line":246,"column":8},"end":{"line":246,"column":38}},"type":"binary-expr","locations":[{"start":{"line":246,"column":8},"end":{"line":246,"column":34}},{"start":{"line":246,"column":34},"end":{"line":246,"column":38}}],"line":246},"36":{"loc":{"start":{"line":250,"column":12},"end":{"line":250,"column":42}},"type":"binary-expr","locations":[{"start":{"line":250,"column":12},"end":{"line":250,"column":38}},{"start":{"line":250,"column":38},"end":{"line":250,"column":42}}],"line":250},"37":{"loc":{"start":{"line":260,"column":8},"end":{"line":269,"column":null}},"type":"cond-expr","locations":[{"start":{"line":261,"column":8},"end":{"line":263,"column":9}},{"start":{"line":263,"column":8},"end":{"line":269,"column":null}}],"line":260},"38":{"loc":{"start":{"line":260,"column":8},"end":{"line":260,"column":44}},"type":"binary-expr","locations":[{"start":{"line":260,"column":8},"end":{"line":260,"column":40}},{"start":{"line":260,"column":40},"end":{"line":260,"column":44}}],"line":260},"39":{"loc":{"start":{"line":264,"column":12},"end":{"line":264,"column":48}},"type":"binary-expr","locations":[{"start":{"line":264,"column":12},"end":{"line":264,"column":44}},{"start":{"line":264,"column":44},"end":{"line":264,"column":48}}],"line":264},"40":{"loc":{"start":{"line":292,"column":6},"end":{"line":292,"column":null}},"type":"if","locations":[{"start":{"line":292,"column":6},"end":{"line":292,"column":null}},{"start":{},"end":{}}],"line":292},"41":{"loc":{"start":{"line":298,"column":8},"end":{"line":298,"column":null}},"type":"if","locations":[{"start":{"line":298,"column":8},"end":{"line":298,"column":null}},{"start":{},"end":{}}],"line":298},"42":{"loc":{"start":{"line":299,"column":8},"end":{"line":302,"column":null}},"type":"if","locations":[{"start":{"line":299,"column":8},"end":{"line":302,"column":null}},{"start":{},"end":{}}],"line":299},"43":{"loc":{"start":{"line":307,"column":8},"end":{"line":310,"column":null}},"type":"if","locations":[{"start":{"line":307,"column":8},"end":{"line":310,"column":null}},{"start":{},"end":{}}],"line":307},"44":{"loc":{"start":{"line":316,"column":8},"end":{"line":316,"column":null}},"type":"if","locations":[{"start":{"line":316,"column":8},"end":{"line":316,"column":null}},{"start":{},"end":{}}],"line":316},"45":{"loc":{"start":{"line":317,"column":8},"end":{"line":320,"column":null}},"type":"if","locations":[{"start":{"line":317,"column":8},"end":{"line":320,"column":null}},{"start":{},"end":{
[...]
}},{"start":{"line":10,"column":4},"end":{"line":10,"column":null}},{"start":{"line":11,"column":4},"end":{"line":11,"column":null}},{"start":{"line":12,"column":4},"end":{"line":12,"column":null}},{"start":{"line":13,"column":4},"end":{"line":13,"column":null}}],"line":9},"1":{"loc":{"start":{"line":26,"column":8},"end":{"line":26,"column":null}},"type":"if","locations":[{"start":{"line":26,"column":8},"end":{"line":26,"column":null}},{"start":{},"end":{}}],"line":26},"2":{"loc":{"start":{"line":27,"column":8},"end":{"line":30,"column":null}},"type":"if","locations":[{"start":{"line":27,"column":8},"end":{"line":30,"column":null}},{"start":{},"end":{}}],"line":27},"3":{"loc":{"start":{"line":35,"column":8},"end":{"line":35,"column":null}},"type":"if","locations":[{"start":{"line":35,"column":8},"end":{"line":35,"column":null}},{"start":{},"end":{}}],"line":35},"4":{"loc":{"start":{"line":43,"column":2},"end":{"line":45,"column":null}},"type":"if","locations":[{"start":{"line":43,"column":2},"end":{"line":45,"column":null}},{"start":{},"end":{}}],"line":43},"5":{"loc":{"start":{"line":47,"column":2},"end":{"line":49,"column":null}},"type":"if","locations":[{"start":{"line":47,"column":2},"end":{"line":49,"column":null}},{"start":{},"end":{}}],"line":47}},"s":{"0":6,"1":15,"2":15,"3":15,"4":8,"5":8,"6":6,"7":0,"8":6,"9":2,"10":2,"11":4,"12":4,"13":1,"14":1,"15":8,"16":8,"17":15,"18":8,"19":7,"20":3,"21":4},"f":{"0":6,"1":15,"2":8,"3":6,"4":1,"5":8},"b":{"0":[6,5,5,5,5],"1":[0,6],"2":[2,4],"3":[1,0],"4":[8,7],"5":[3,4]},"meta":{"lastBranch":6,"lastFunction":6,"lastStatement":22,"seen":{"f:7:9:7:25":0,"s:8:2:14:Infinity":0,"b:9:4:9:Infinity:10:4:10:Infinity:11:4:11:Infinity:12:4:12:Infinity:13:4:13:Infinity":0,"f:17:24:17:61":1,"s:18:15:18:Infinity":1,"s:19:17:19:Infinity":2,"s:21:2:41:Infinity":3,"f:21:2:21:18":2,"s:22:18:22:Infinity":4,"s:24:4:36:Infinity":5,"f:25:7:25:13":3,"b:26:8:26:Infinity:undefined:undefined:undefined:undefined":1,"s:26:8:26:Infinity":6,"s:26:22:26:Infinity":7,"b:27:8:30:Infinity:undefined:undefined:undefined:undefined":2,"s:27:8:30:Infinity":8,"s:28:10:28:Infinity":9,"s:29:10:29:Infinity":10,"s:31:8:31:Infinity":11,"s:32:8:32:Infinity":12,"f:34:7:34:19":4,"b:35:8:35:Infinity:undefined:undefined:undefined:undefined":3,"s:35:8:35:Infinity":13,"s:35:21:35:Infinity":14,"s:38:4:40:Infinity":15,"f:38:4:38:17":5,"s:39:6:39:Infinity":16,"b:43:2:45:Infinity:undefined:undefined:undefined:undefined":4,"s:43:2:45:Infinity":17,"s:44:4:44:Infinity":18,"b:47:2:49:Infinity:undefined:undefined:undefined:undefined":5,"s:47:2:49:Infinity":19,"s:48:4:48:Infinity":20,"s:51:2:57:Infinity":21},"fnNames":{}}}
,"C:\\Users\\Iladio\\OneDrive\\Documents\\All Activity\\Summer Class\\Testin_week1_2\\frontend\\src\\components\\week3\\Day2\\BranchSalesAnalysisReport.jsx": {"path":"C:\\Users\\Iladio\\OneDrive\\Documents\\All Activity\\Summer Class\\Testin_week1_2\\frontend\\src\\components\\week3\\Day2\\BranchSalesAnalysisReport.jsx","statementMap":{"0":{"start":{"line":2,"column":15},"end":{"line":2,"column":null}},"1":{"start":{"line":4,"column":2},"end":{"line":18,"column":null}},"2":{"start":{"line":12,"column":12},"end":{"line":14,"column":null}}},"fnMap":{"0":{"name":"BranchSalesAnalysisReport","decl":{"start":{"line":1,"column":24},"end":{"line":1,"column":50}},"loc":{"start":{"line":1,"column":75},"end":{"line":20,"column":null}},"line":1},"1":{"name":"(anonymous_1)","decl":{"start":{"line":11,"column":16},"end":{"line":11,"column":21}},"loc":{"start":{"line":12,"column":12},"end":{"line":14,"column":null}},"line":12}},"branchMap":{"0":{"loc":{"start":{"line":2,"column":15},"end":{"line":2,"column":null}},"type":"cond-expr","locations":[{"start":{"line":2,"column":52},"end":{"line":2,"column":74}},{"start":{"line":2,"column":74},"end":{"line":2,"column":null}}],"line":2},"1":{"loc":{"start":{"line":7,"column":7},"end":{"line":18,"column":null}},"type":"cond-expr","locations":[{"start":{"line":8,"column":8},"end":{"line":10,"column":9}},{"start":{"line":10,"column":8},"end":{"line":18,"column":null}}],"line":7}},"s":{"0":5,"1":5,"2":6},"f":{"0":5,"1":6},"b":{"0":[4,1],"1":[2,3]},"meta":{"lastBranch":2,"lastFunction":2,"lastStatement":3,"seen":{"f:1:24:1:50":0,"s:2:15:2:Infinity":0,"b:2:52:2:74:2:74:2:Infinity":0,"s:4:2:18:Infinity":1,"b:8:8:10:9:10:8:18:Infinity":1,"f:11:16:11:21":1,"s:12:12:14:Infinity":2},"fnNames":{}}}
,"C:\\Users\\Iladio\\OneDrive\\Documents\\All Activity\\Summer Class\\Testin_week1_2\\frontend\\src\\components\\week3\\Day2\\TargetProgressAnalysisReport.jsx": {"path":"C:\\Users\\Iladio\\OneDrive\\Documents\\All Activity\\Summer Class\\Testin_week1_2\\frontend\\src\\components\\week3\\Day2\\TargetProgressAnalysisReport.jsx","statementMap":{"0":{"start":{"line":2,"column":15},"end":{"line":2,"column":null}},"1":{"start":{"line":4,"column":2},"end":{"line":18,"column":null}},"2":{"start":{"line":12,"column":12},"end":{"line":14,"column":null}}},"fnMap":{"0":{"name":"TargetProgressAnalysisReport","decl":{"start":{"line":1,"column":24},"end":{"line":1,"column":53}},"loc":{"start":{"line":1,"column":87},"end":{"line":20,"column":null}},"line":1},"1":{"name":"(anonymous_1)","decl":{"start":{"line":11,"column":16},"end":{"line":11,"column":21}},"loc":{"start":{"line":12,"column":12},"end":{"line":14,"column":null}},"line":12}},"branchMap":{"0":{"loc":{"start":{"line":2,"column":15},"end":{"line":2,"column":null}},"type":"cond-expr","locations":[{"start":{"line":2,"column":61},"end":{"line":2,"column":92}},{"start":{"line":2,"column":92},"end":{"line":2,"column":null}}],"line":2},"1":{"loc":{"start":{"line":7,"column":7},"end":{"line":18,"column":null}},"type":"cond-expr","locations":[{"start":{"line":8,"column":8},"end":{"line":10,"column":9}},{"start":{"line":10,"column":8},"end":{"line":18,"column":null}}],"line":7}},"s":{"0":5,"1":5,"2":6},"f":{"0":5,"1":6},"b":{"0":[4,1],"1":[2,3]},"meta":{"lastBranch":2,"lastFunction":2,"lastStatement":3,"seen":{"f:1:24:1:53":0,"s:2:15:2:Infinity":0,"b:2:61:2:92:2:92:2:Infinity":0,"s:4:2:18:Infinity":1,"b:8:8:10:9:10:8:18:Infinity":1,"f:11:16:11:21":1,"s:12:12:14:Infinity":2},"fnNames":{}}}
,"C:\\Users\\Iladio\\OneDrive\\Documents\\All Activity\\Summer Class\\Testin_week1_2\\frontend\\src\\data\\branchData.js": {"path":"C:\\Users\\Iladio\\OneDrive\\Documents\\All Activity\\Summer Class\\Testin_week1_2\\frontend\\src\\data\\branchData.js","statementMap":{"0":{"start":{"line":2,"column":37},"end":{"line":63,"column":1}},"1":{"start":{"line":67,"column":2},"end":{"line":74,"column":7}},"2":{"start":{"line":68,"column":20},"end":{"line":68,"column":51}},"3":{"start":{"line":69,"column":20},"end":{"line":74,"column":5}},"4":{"start":{"line":79,"column":2},"end":{"line":86,"column":5}},"5":{"start":{"line":79,"column":46},"end":{"line":86,"column":3}},"6":{"start":{"line":91,"column":21},"end":{"line":91,"column":86}},"7":{"start":{"line":91,"column":62},"end":{"line":91,"column":82}},"8":{"start":{"line":92,"column":22},"end":{"line":92,"column":81}},"9":{"start":{"line":92,"column":63},"end":{"line":92,"column":77}},"10":{"start":{"line":93,"column":26},"end":{"line":93,"column":58}},"11":{"start":{"line":94,"column":20},"end":{"line":94,"column":105}},"12":{"start":{"line":94,"column":61},"end":{"line":94,"column":104}},"13":{"start":{"line":95,"column":23},"end":{"line":95,"column":108}},"14":{"start":{"line":95,"column":64},"end":{"line":95,"column":107}},"15":{"start":{"line":97,"column":2},"end":{"line":105,"column":3}},"16":{"start":{"line":104,"column":55},"end":{"line":104,"column":78}}},"fnMap":{"0":{"name":"getBranchComparison","decl":{"start":{"line":66,"column":16},"end":{"line":66,"column":35}},"loc":{"start":{"line":66,"column":38},"end":{"line":75,"column":1}},"line":66},"1":{"name":"(anonymous_1)","decl":{"start":{"line":68,"column":10},"end":{"line":68,"column":11}},"loc":{"start":{"line":68,"column":20},"end":{"line":68,"column":51}},"line":68},"2":{"name":"(anonymous_2)","decl":{"start":{"line":69,"column":9},"end":{"line":69,"column":15}},"loc":{"start":{"line":69,"column":20},"end":{"line":74,"column":5}},"line":69},"3":{"name":"getTargetProgressData","decl":{"start":{"line":78,"column":16},"end":{"line":78,"column":37}},"loc":{"start":{"line":78,"column":40},"end":{"line":87,"column":1}},"line":78},"4":{"name":"(anonymous_4)","decl":{"start":{"line":79,"column":35},"end":{"line":79,"column":41}},"loc":{"start":{"line":79,"column":46},"end":{"line":86,"column":3}},"line":79},"5":{"name":"getBranchSummary","decl":{"start":{"line":90,"column":16},"end":{"line":90,"column":32}},"loc":{"start":{"line":90,"column":35},"end":{"line":106,"column":1}},"line":90},"6":{"name":"(anonymous_6)","decl":{"start":{"line":91,"column":50},"end":{"line":91,"column":51}},"loc":{"start":{"line":91,"column":62},"end":{"line":91,"column":82}},"line":91},"7":{"name":"(anonymous_7)","decl":{"start":{"line":92,"column":51},"end":{"line":92,"column":52}},"loc":{"start":{"line":92,"column":63},"end":{"line":92,"column":77}},"line":92},"8":{"name":"(anonymous_8)","decl":{"start":{"line":94,"column":49},"end":{"line":94,"column":50}},"loc":{"start":{"line":94,"column":61},"end":{"line":94,"column":104}},"line":94},"9":{"name":"(anonymous_9)","decl":{"start":{"line":95,"column":52},"end":{"line":95,"column":53}},"loc":{"start":{"line":95,"column":64},"end":{"line":95,"column":107}},"line":95},"10":{"name":"(anonymous_10)","decl":{"start":{"line":104,"column":50},"end":{"line":104,"column":51}},"loc":{"start":{"line":104,"column":55},"end":{"line":104,"column":78}},"line":104}},"branchMap":{"0":{"loc":{"start":{"line":85,"column":12},"end":{"line":85,"column":116}},"type":"cond-expr","locations":[{"start":{"line":85,"column":43},"end":{"line":85,"column":53}},{"start":{"line":85,"column":56},"end":{"line":85,"column":116}}],"line":85},"1":{"loc":{"start":{"line":85,"column":56},"end":{"line":85,"column":116}},"type":"cond-expr","locations":[{"start":{"line":85,"column":86},"end":{"line":85,"column":96}},{"start":{"line":85,"column":99},"end":{"line":85,"column":116}}],"line":85},"2":{"loc":{"start":{"line":94,"column":61},"end":{"line":94,"column":104}},"type":"cond-expr","locations":[{"start":{"line":94,"column":97},"end":{"line":94,"column":98}},{"start":{"line":94,"column":101},"end":{"line":94,"column":104}}],"line":94},"3":{"loc":{"start":{"line":95,"column":64},"end":{"line":95,"column":107}},"type":"cond-expr","locations":[{"start":{"line":95,"column":100},"end":{"line":95,"column":101}},{"start":{"line":95,"column":104},"end":{"line":95,"column":107}}],"line":95}},"s":{"0":2,"1":18,"2":104,"3":108,"4":20,"5":120,"6":22,"7":132,"8":22,"9":132,"10":22,"11":22,"12":110,"13":22,"14":110,"15":22,"16":132},"f":{"0":18,"1":104,"2":108,"3":20,"4":120,"5":22,"6":132,"7":132,"8":110,"9":110,"10":132},"b":{"0":[20,100],"1":[60,40],"2":[0,110],"3":[110,0]},"meta":{"lastBranch":4,"lastFunction":11,"lastStatement":17,"seen":{"s:2:37:63:1":0,"f:66:16:66:35":0,"s:67:2:74:7":1,"f:68:10:68:11":1,"s:68:20:68:51":2,"f:69:9:69:15":2,"s:69:20:74:5":3,"f:78:16:78:37":3,"s:79:2:86:5":4,"f:79:35:79:41":4,"s:79:46:86:3":5,"b:85:43:85:53:85:56:85:116":0,"b:85:86:85:96:85:99:85:116":1,"f:90:16:90:32":5,"s:91:21:91:86":6,"f:91:50:91:51":6,"s:91:62:91:82":7,"s:92:22:92:81":8,"f:92:51:92:52":7,"s:92:63:92:77":9,"s:93:26:93:58":10,"s:94:20:94:105":11,"f:94:49:94:50":8,"s:94:61:94:104":12,"b:94:97:94:98:94:101:94:104":2,"s:95:23:95:108":13,"f:95:52:95:53":9,"s:95:64:95:107":14,"b:95:100:95:101:95:104:95:107":3,"s:97:2:105:3":15,"f:104:50:104:51":10,"s:104:55:104:78":16},"fnNames":{}}}
,"C:\\Users\\Iladio\\OneDrive\\Documents\\All Activity\\Summer Class\\Testin_week1_2\\frontend\\src\\services\\aiService.js": {"path":"C:\\Users\\Iladio\\OneDrive\\Documents\\All Activity\\Summer Class\\Testin_week1_2\\frontend\\src\\services\\aiService.js","statementMap":{"0":{"start":{"line":4,"column":15},"end":{"line":17,"column":3}},"1":{"start":{"line":20,"column":2},"end":{"line":20,"column":71}},"2":{"start":{"line":20,"column":34},"end":{"line":20,"column":69}},"3":{"start":{"line":20,"column":51},"end":{"line":20,"column":64}}},"fnMap":{"0":{"name":"getAIInsights","decl":{"start":{"line":2,"column":22},"end":{"line":2,"column":35}},"loc":{"start":{"line":2,"column":38},"end":{"line":21,"column":1}},"line":2},"1":{"name":"(anonymous_1)","decl":{"start":{"line":20,"column":21},"end":{"line":20,"column":22}},"loc":{"start":{"line":20,"column":34},"end":{"line":20,"column":69}},"line":20},"2":{"name":"(anonymous_2)","decl":{"start":{"line":20,"column":45},"end":{"line":20,"column":46}},"loc":{"start":{"line":20,"column":51},"end":{"line":20,"column":64}},"line":20}},"branchMap":{},"s":{"0":5,"1":5,"2":5,"3":5},"f":{"0":5,"1":5,"2":5},"b":{},"meta":{"lastBranch":0,"lastFunction":3,"lastStatement":4,"seen":{"f:2:22:2:35":0,"s:4:15:17:3":0,"s:20:2:20:71":1,"f:20:21:20:22":1,"s:20:34:20:69":2,"f:20:45:20:46":2,"s:20:51:20:64":3},"fnNames":{}}}
,"C:\\Users\\Iladio\\OneDrive\\Documents\\All Activity\\Summer Class\\Testin_week1_2\\frontend\\src\\services\\api.js": {"path":"C:\\Users\\Iladio\\OneDrive\\Documents\\All Activity\\Summer Class\\Testin_week1_2\\frontend\\src\\services\\api.js","statementMap":{"0":{"start":{"line":2,"column":14},"end":{"line":2,"column":45}},"1":{"start":{"line":3,"column":2},"end":{"line":3,"column":47}},"2":{"start":{"line":3,"column":15},"end":{"line":3,"column":47}},"3":{"start":{"line":4,"column":2},"end":{"line":4,"column":19}},"4":{"start":{"line":8,"column":14},"end":{"line":8,"column":49}},"5":{"start":{"line":9,"column":2},"end":{"line":9,"column":47}},"6":{"start":{"line":9,"column":15},"end":{"line":9,"column":47}},"7":{"start":{"line":10,"column":2},"end":{"line":10,"column":19}},"8":{"start":{"line":14,"column":14},"end":{"line":14,"column":61}},"9":{"start":{"line":15,"column":2},"end":{"line":15,"column":47}},"10":{"start":{"line":15,"column":15},"end":{"line":15,"column":47}},"11":{"start":{"line":16,"column":2},"end":{"line":16,"column":19}}},"fnMap":{"0":{"name":"fetchSyncStatus","decl":{"start":{"line":1,"column":22},"end":{"line":1,"column":37}},"loc":{"start":{"line":1,"column":40},"end":{"line":5,"column":1}},"line":1},"1":{"name":"fetchSalesAnalyticsReports","decl":{"start":{"line":7,"column":22},"end":{"line":7,"column":48}},"loc":{"start":{"line":7,"column":51},"end":{"line":11,"column":1}},"line":7},"2":{"name":"fetchBranchPerformanceAnalysis","decl":{"start":{"line":13,"column":22},"end":{"line":13,"column":52}},"loc":{"start":{"line":13,"column":55},"end":{"line":17,"column":1}},"line":13}},"branchMap":{"0":{"loc":{"start":{"line":3,"column":2},"end":{"line":3,"column":47}},"type":"if","locations":[{"start":{"line":3,"column":2},"end":{"line":3,"column":47}},{"start":{},"end":{}}],"line":3},"1":{"loc":{"start":{"line":9,"column":2},"end":{"line":9,"column":47}},"type":"if","locations":[{"start":{"line":9,"column":2},"end":{"line":9,"column":47}},{"start":{},"end":{}}],"line":9},"2":{"loc":{"start":{"line":15,"column":2},"end":{"line":15,"column":47}},"type":"if","locations":[{"start":{"line":15,"column":2},"end":{"line":15,"column":47}},{"start":{},"end":{}}],"line":15}},"s":{"0":3,"1":3,"2":1,"3":2,"4":2,"5":2,"6":1,"7":1,"8":0,"9":0,"10":0,"11":0},"f":{"0":3,"1":2,"2":0},"b":{"0":[1,2],"1":[1,1],"2":[0,0]},"meta":{"lastBranch":3,"lastFunction":3,"lastStatement":12,"seen":{"f:1:22:1:37":0,"s:2:14:2:45":0,"b:3:2:3:47:undefined:undefined:undefined:undefined":0,"s:3:2:3:47":1,"s:3:15:3:47":2,"s:4:2:4:19":3,"f:7:22:7:48":1,"s:8:14:8:49":4,"b:9:2:9:47:undefined:undefined:undefined:undefined":1,"s:9:2:9:47":5,"s:9:15:9:47":6,"s:10:2:10:19":7,"f:13:22:13:52":2,"s:14:14:14:61":8,"b:15:2:15:47:undefined:undefined:undefined:undefined":2,"s:15:2:15:47":9,"s:15:15:15:47":10,"s:16:2:16:19":11},"fnNames":{}}}
,"C:\\Users\\Iladio\\OneDrive\\Documents\\All Activity\\Summer Class\\Testin_week1_2\\frontend\\src\\styles\\alerts.css": {"path":"C:\\Users\\Iladio\\OneDrive\\Documents\\All Activity\\Summer Class\\Testin_week1_2\\frontend\\src\\styles\\alerts.css","statementMap":{},"fnMap":{},"branchMap":{},"s":{},"f":{},"b":{},"meta":{"lastBranch":0,"lastFunction":0,"lastStatement":0,"seen":{},"fnNames":{}}}
,"C:\\Users\\Iladio\\OneDrive\\Documents\\All Activity\\Summer Class\\Testin_week1_2\\frontend\\src\\styles\\analytics.css": {"path":"C:\\Users\\Iladio\\OneDrive\\Documents\\All Activity\\Summer Class\\Testin_week1_2\\frontend\\src\\styles\\analytics.css","statementMap":{},"fnMap":{},"branchMap":{},"s":{},"f":{},"b":{},"meta":{"lastBranch":0,"lastFunction":0,"lastStatement":0,"seen":{},"fnNames":{}}}
,"C:\\Users\\Iladio\\OneDrive\\Documents\\All Activity\\Summer Class\\Testin_week1_2\\frontend\\src\\styles\\analyticsDashboard.css": {"path":"C:\\Users\\Iladio\\OneDrive\\Documents\\All Activity\\Summer Class\\Testin_week1_2\\frontend\\src\\styles\\analyticsDashboard.css","statementMap":{},"fnMap":{},"branchMap":{},"s":{},"f":{},"b":{},"meta":{"lastBranch":0,"lastFunction":0,"lastStatement":0,"seen":{},"fnNames":{}}}
,"C:\\Users\\Iladio\\OneDrive\\Documents\\All Activity\\Summer Class\\Testin_week1_2\\frontend\\src\\styles\\branchComparison.css": {"path":"C:\\Users\\Iladio\\OneDrive\\Documents\\All Activity\\Summer Class\\Testin_week1_2\\frontend\\src\\styles\\branchComparison.css","statementMap":{},"fnMap":{},"branchMap":{},"s":{},"f":{},"b":{},"meta":{"lastBranch":0,"lastFunction":0,"lastStatement":0,"seen":{},"fnNames":{}}}
,"C:\\Users\\Iladio\\OneDrive\\Documents\\All Activity\\Summer Class\\Testin_week1_2\\frontend\\src\\styles\\branchPerformanceCard.css": {"path":"C:\\Users\\Iladio\\OneDrive\\Documents\\All Activity\\Summer Class\\Testin_week1_2\\frontend\\src\\styles\\branchPerformanceCard.css","statementMap":{},"fnMap":{},"branchMap":{},"s":{},"f":{},"b":{},"meta":{"lastBranch":0,"lastFunction":0,"lastStatement":0,"seen":{},"fnNames":{}}}
,"C:\\Users\\Iladio\\OneDrive\\Documents\\All Activity\\Summer Class\\Testin_week1_2\\frontend\\src\\styles\\branchPerformanceDashboard.css": {"path":"C:\\Users\\Iladio\\OneDrive\\Documents\\All Activity\\Summer Class\\Testin_week1_2\\frontend\\src\\styles\\branchPerformanceDashboard.css","statementMap":{},"fnMap":{},"branchMap":{},"s":{},"f":{},"b":{},"meta":{"lastBranch":0,"lastFunction":0,"lastStatement":0,"seen":{},"fnNames":{}}}
,"C:\\Users\\Iladio\\OneDrive\\Documents\\All Activity\\Summer Class\\Testin_week1_2\\frontend\\src\\styles\\metricCard.css": {"path":"C:\\Users\\Iladio\\OneDrive\\Documents\\All Activity\\Summer Class\\Testin_week1_2\\frontend\\src\\styles\\metricCard.css","statementMap":{},"fnMap":{},"branchMap":{},"s":{},"f":{},"b":{},"meta":{"lastBranch":0,"lastFunction":0,"lastStatement":0,"seen":{},"fnNames":{}}}
,"C:\\Users\\Iladio\\OneDrive\\Documents\\All Activity\\Summer Class\\Testin_week1_2\\frontend\\src\\styles\\sidebar.css": {"path":"C:\\Users\\Iladio\\OneDrive\\Documents\\All Activity\\Summer Class\\Testin_week1_2\\frontend\\src\\styles\\sidebar.css","statementMap":{},"fnMap":{},"branchMap":{},"s":{},"f":{},"b":{},"meta":{"lastBranch":0,"lastFunction":0,"lastStatement":0,"seen":{},"fnNames":{}}}
,"C:\\Users\\Iladio\\OneDrive\\Documents\\All Activity\\Summer Class\\Testin_week1_2\\frontend\\src\\styles\\syncStatus.css": {"path":"C:\\Users\\Iladio\\OneDrive\\Documents\\All Activity\\Summer Class\\Testin_week1_2\\frontend\\src\\styles\\syncStatus.css","statementMap":{},"fnMap":{},"branchMap":{},"s":{},"f":{},"b":{},"meta":{"lastBranch":0,"lastFunction":0,"lastStatement":0,"seen":{},"fnNames":{}}}
,"C:\\Users\\Iladio\\OneDrive\\Documents\\All Activity\\Summer Class\\Testin_week1_2\\frontend\\src\\styles\\targetProgressIndicator.css": {"path":"C:\\Users\\Iladio\\OneDrive\\Documents\\All Activity\\Summer Class\\Testin_week1_2\\frontend\\src\\styles\\targetProgressIndicator.css","statementMap":{},"fnMap":{},"branchMap":{},"s":{},"f":{},"b":{},"meta":{"lastBranch":0,"lastFunction":0,"lastStatement":0,"seen":{},"fnNames":{}}}
}
