{"C:\\Users\\Iladio\\OneDrive\\Documents\\All Activity\\Summer Class\\Testin_week1_2\\frontend\\src\\components\\InventoryStatus.jsx": {"path":"C:\\Users\\Iladio\\OneDrive\\Documents\\All Activity\\Summer Class\\Testin_week1_2\\frontend\\src\\components\\InventoryStatus.jsx","statementMap":{"0":{"start":{"line":2,"column":25},"end":{"line":6,"column":null}},"1":{"start":{"line":8,"column":2},"end":{"line":28,"column":null}},"2":{"start":{"line":21,"column":12},"end":{"line":24,"column":null}}},"fnMap":{"0":{"name":"InventoryStatus","decl":{"start":{"line":1,"column":24},"end":{"line":1,"column":42}},"loc":{"start":{"line":1,"column":42},"end":{"line":30,"column":null}},"line":1},"1":{"name":"(anonymous_1)","decl":{"start":{"line":20,"column":26},"end":{"line":20,"column":31}},"loc":{"start":{"line":21,"column":12},"end":{"line":24,"column":null}},"line":21}},"branchMap":{},"s":{"0":3,"1":3,"2":9},"f":{"0":3,"1":9},"b":{},"meta":{"lastBranch":0,"lastFunction":2,"lastStatement":3,"seen":{"f:1:24:1:42":0,"s:2:25:6:Infinity":0,"s:8:2:28:Infinity":1,"f:20:26:20:31":1,"s:21:12:24:Infinity":2},"fnNames":{}}}
,"C:\\Users\\Iladio\\OneDrive\\Documents\\All Activity\\Summer Class\\Testin_week1_2\\frontend\\src\\components\\StockLevelChanges.jsx": {"path":"C:\\Users\\Iladio\\OneDrive\\Documents\\All Activity\\Summer Class\\Testin_week1_2\\frontend\\src\\components\\StockLevelChanges.jsx","statementMap":{"0":{"start":{"line":2,"column":21},"end":{"line":21,"column":null}},"1":{"start":{"line":23,"column":2},"end":{"line":52,"column":null}},"2":{"start":{"line":39,"column":32},"end":{"line":39,"column":null}},"3":{"start":{"line":41,"column":12},"end":{"line":47,"column":null}}},"fnMap":{"0":{"name":"StockLevelChanges","decl":{"start":{"line":1,"column":24},"end":{"line":1,"column":44}},"loc":{"start":{"line":1,"column":44},"end":{"line":54,"column":null}},"line":1},"1":{"name":"(anonymous_1)","decl":{"start":{"line":38,"column":22},"end":{"line":38,"column":27}},"loc":{"start":{"line":38,"column":36},"end":{"line":49,"column":11}},"line":38}},"branchMap":{},"s":{"0":5,"1":5,"2":15,"3":15},"f":{"0":5,"1":15},"b":{},"meta":{"lastBranch":0,"lastFunction":2,"lastStatement":4,"seen":{"f:1:24:1:44":0,"s:2:21:21:Infinity":0,"s:23:2:52:Infinity":1,"f:38:22:38:27":1,"s:39:32:39:Infinity":2,"s:41:12:47:Infinity":3},"fnNames":{}}}
,"C:\\Users\\Iladio\\OneDrive\\Documents\\All Activity\\Summer Class\\Testin_week1_2\\frontend\\src\\components\\SynchronizationIndicators.jsx": {"path":"C:\\Users\\Iladio\\OneDrive\\Documents\\All Activity\\Summer Class\\Testin_week1_2\\frontend\\src\\components\\SynchronizationIndicators.jsx","statementMap":{"0":{"start":{"line":2,"column":19},"end":{"line":6,"column":null}},"1":{"start":{"line":8,"column":2},"end":{"line":35,"column":null}}},"fnMap":{"0":{"name":"SynchronizationIndicators","decl":{"start":{"line":1,"column":24},"end":{"line":1,"column":52}},"loc":{"start":{"line":1,"column":52},"end":{"line":37,"column":null}},"line":1}},"branchMap":{},"s":{"0":4,"1":4},"f":{"0":4},"b":{},"meta":{"lastBranch":0,"lastFunction":1,"lastStatement":2,"seen":{"f:1:24:1:52":0,"s:2:19:6:Infinity":0,"s:8:2:35:Infinity":1},"fnNames":{}}}
}
